{"/home/travis/build/npmtest/node-npmtest-deferred/test.js":{"path":"/home/travis/build/npmtest/node-npmtest-deferred/test.js","s":{"1":2,"2":2,"3":2,"4":2,"5":2,"6":2,"7":2,"8":1,"9":2,"10":2,"11":1,"12":1,"13":1,"14":1,"15":2,"16":2,"17":2,"18":2,"19":1,"20":1,"21":2,"22":2,"23":2,"24":1,"25":1,"26":1,"27":1,"28":1,"29":1,"30":1,"31":1,"32":1,"33":1,"34":1,"35":1,"36":1,"37":1,"38":1,"39":2,"40":2,"41":1,"42":2,"43":2,"44":1,"45":2,"46":2,"47":1,"48":2,"49":2,"50":1,"51":1,"52":1,"53":1,"54":1},"b":{"1":[2,1,1,1],"2":[1,1,1,1],"3":[1,1],"4":[1,1],"5":[1,1],"6":[1,1],"7":[1,1],"8":[1,1],"9":[1,1],"10":[1,1,1],"11":[1,1],"12":[1,1],"13":[1,1],"14":[1,1],"15":[1,1],"16":[1,1],"17":[1,1]},"f":{"1":2,"2":2,"3":2,"4":2,"5":2,"6":1,"7":1,"8":1,"9":2,"10":2,"11":2,"12":2,"13":1},"fnMap":{"1":{"name":"(anonymous_1)","line":12,"loc":{"start":{"line":12,"column":1},"end":{"line":12,"column":13}}},"2":{"name":"(anonymous_2)","line":19,"loc":{"start":{"line":19,"column":5},"end":{"line":19,"column":17}}},"3":{"name":"(anonymous_3)","line":23,"loc":{"start":{"line":23,"column":24},"end":{"line":23,"column":36}}},"4":{"name":"(anonymous_4)","line":61,"loc":{"start":{"line":61,"column":5},"end":{"line":61,"column":17}}},"5":{"name":"(anonymous_5)","line":82,"loc":{"start":{"line":82,"column":5},"end":{"line":82,"column":17}}},"6":{"name":"(anonymous_6)","line":91,"loc":{"start":{"line":91,"column":77},"end":{"line":94,"column":10}}},"7":{"name":"(anonymous_7)","line":112,"loc":{"start":{"line":112,"column":83},"end":{"line":115,"column":10}},"skip":true},"8":{"name":"(anonymous_8)","line":123,"loc":{"start":{"line":123,"column":77},"end":{"line":126,"column":10}},"skip":true},"9":{"name":"(anonymous_9)","line":139,"loc":{"start":{"line":139,"column":12},"end":{"line":139,"column":40}},"skip":true},"10":{"name":"(anonymous_10)","line":147,"loc":{"start":{"line":147,"column":77},"end":{"line":150,"column":10}},"skip":true},"11":{"name":"(anonymous_11)","line":158,"loc":{"start":{"line":158,"column":83},"end":{"line":161,"column":10}},"skip":true},"12":{"name":"(anonymous_12)","line":169,"loc":{"start":{"line":169,"column":79},"end":{"line":172,"column":10}},"skip":true},"13":{"name":"(anonymous_13)","line":180,"loc":{"start":{"line":180,"column":75},"end":{"line":183,"column":10}},"skip":true}},"statementMap":{"1":{"start":{"line":12,"column":0},"end":{"line":195,"column":5}},"2":{"start":{"line":14,"column":4},"end":{"line":14,"column":14}},"3":{"start":{"line":19,"column":4},"end":{"line":56,"column":9}},"4":{"start":{"line":21,"column":8},"end":{"line":21,"column":19}},"5":{"start":{"line":23,"column":8},"end":{"line":35,"column":13}},"6":{"start":{"line":24,"column":12},"end":{"line":34,"column":13}},"7":{"start":{"line":25,"column":16},"end":{"line":28,"column":30}},"8":{"start":{"line":30,"column":16},"end":{"line":33,"column":27}},"9":{"start":{"line":37,"column":8},"end":{"line":39,"column":21}},"10":{"start":{"line":40,"column":8},"end":{"line":53,"column":9}},"11":{"start":{"line":43,"column":12},"end":{"line":46,"column":14}},"12":{"start":{"line":47,"column":12},"end":{"line":47,"column":18}},"13":{"start":{"line":50,"column":12},"end":{"line":51,"column":33}},"14":{"start":{"line":52,"column":12},"end":{"line":52,"column":18}},"15":{"start":{"line":55,"column":8},"end":{"line":55,"column":35}},"16":{"start":{"line":61,"column":4},"end":{"line":63,"column":9}},"17":{"start":{"line":62,"column":8},"end":{"line":62,"column":15}},"18":{"start":{"line":64,"column":4},"end":{"line":77,"column":5}},"19":{"start":{"line":70,"column":8},"end":{"line":70,"column":14}},"20":{"start":{"line":76,"column":8},"end":{"line":76,"column":14}},"21":{"start":{"line":82,"column":4},"end":{"line":84,"column":9}},"22":{"start":{"line":83,"column":8},"end":{"line":83,"column":15}},"23":{"start":{"line":85,"column":4},"end":{"line":194,"column":5}},"24":{"start":{"line":91,"column":8},"end":{"line":99,"column":10}},"25":{"start":{"line":98,"column":12},"end":{"line":98,"column":35}},"26":{"start":{"line":102,"column":8},"end":{"line":104,"column":63}},"27":{"start":{"line":105,"column":8},"end":{"line":105,"column":14}},"28":{"start":{"line":112,"column":8},"end":{"line":121,"column":10},"skip":true},"29":{"start":{"line":119,"column":12},"end":{"line":119,"column":55},"skip":true},"30":{"start":{"line":120,"column":12},"end":{"line":120,"column":48},"skip":true},"31":{"start":{"line":123,"column":8},"end":{"line":136,"column":10},"skip":true},"32":{"start":{"line":130,"column":12},"end":{"line":130,"column":76},"skip":true},"33":{"start":{"line":131,"column":12},"end":{"line":131,"column":73},"skip":true},"34":{"start":{"line":132,"column":12},"end":{"line":132,"column":74},"skip":true},"35":{"start":{"line":133,"column":12},"end":{"line":133,"column":79},"skip":true},"36":{"start":{"line":134,"column":12},"end":{"line":134,"column":25},"skip":true},"37":{"start":{"line":135,"column":12},"end":{"line":135,"column":45},"skip":true},"38":{"start":{"line":138,"column":8},"end":{"line":145,"column":14},"skip":true},"39":{"start":{"line":143,"column":16},"end":{"line":143,"column":29},"skip":true},"40":{"start":{"line":144,"column":16},"end":{"line":144,"column":55},"skip":true},"41":{"start":{"line":147,"column":8},"end":{"line":156,"column":10},"skip":true},"42":{"start":{"line":154,"column":12},"end":{"line":154,"column":25},"skip":true},"43":{"start":{"line":155,"column":12},"end":{"line":155,"column":45},"skip":true},"44":{"start":{"line":158,"column":8},"end":{"line":167,"column":10},"skip":true},"45":{"start":{"line":165,"column":12},"end":{"line":165,"column":25},"skip":true},"46":{"start":{"line":166,"column":12},"end":{"line":166,"column":48},"skip":true},"47":{"start":{"line":169,"column":8},"end":{"line":178,"column":10},"skip":true},"48":{"start":{"line":176,"column":12},"end":{"line":176,"column":25},"skip":true},"49":{"start":{"line":177,"column":12},"end":{"line":177,"column":46},"skip":true},"50":{"start":{"line":180,"column":8},"end":{"line":189,"column":10},"skip":true},"51":{"start":{"line":187,"column":12},"end":{"line":187,"column":94},"skip":true},"52":{"start":{"line":188,"column":12},"end":{"line":188,"column":48},"skip":true},"53":{"start":{"line":192,"column":8},"end":{"line":192,"column":35},"skip":true},"54":{"start":{"line":193,"column":8},"end":{"line":193,"column":14},"skip":true}},"branchMap":{"1":{"line":25,"type":"binary-expr","locations":[{"start":{"line":25,"column":23},"end":{"line":25,"column":62}},{"start":{"line":26,"column":20},"end":{"line":26,"column":70}},{"start":{"line":27,"column":20},"end":{"line":27,"column":71}},{"start":{"line":28,"column":20},"end":{"line":28,"column":29}}]},"2":{"line":30,"type":"binary-expr","locations":[{"start":{"line":30,"column":23},"end":{"line":30,"column":37}},{"start":{"line":31,"column":20},"end":{"line":31,"column":61}},{"start":{"line":32,"column":20},"end":{"line":32,"column":70}},{"start":{"line":33,"column":20},"end":{"line":33,"column":26}}]},"3":{"line":37,"type":"cond-expr","locations":[{"start":{"line":38,"column":14},"end":{"line":38,"column":20}},{"start":{"line":39,"column":14},"end":{"line":39,"column":20}}]},"4":{"line":40,"type":"switch","locations":[{"start":{"line":42,"column":8},"end":{"line":47,"column":18}},{"start":{"line":49,"column":8},"end":{"line":52,"column":18}}]},"5":{"line":44,"type":"binary-expr","locations":[{"start":{"line":44,"column":16},"end":{"line":44,"column":44}},{"start":{"line":44,"column":48},"end":{"line":44,"column":66}}]},"6":{"line":50,"type":"binary-expr","locations":[{"start":{"line":50,"column":21},"end":{"line":50,"column":49}},{"start":{"line":50,"column":53},"end":{"line":50,"column":72}}]},"7":{"line":64,"type":"switch","locations":[{"start":{"line":69,"column":4},"end":{"line":70,"column":14}},{"start":{"line":75,"column":4},"end":{"line":76,"column":14}}]},"8":{"line":85,"type":"switch","locations":[{"start":{"line":90,"column":4},"end":{"line":105,"column":14}},{"start":{"line":111,"column":4},"end":{"line":193,"column":14},"skip":true}]},"9":{"line":91,"type":"binary-expr","locations":[{"start":{"line":91,"column":42},"end":{"line":91,"column":73}},{"start":{"line":91,"column":77},"end":{"line":99,"column":9}}]},"10":{"line":102,"type":"binary-expr","locations":[{"start":{"line":102,"column":18},"end":{"line":102,"column":32}},{"start":{"line":103,"column":12},"end":{"line":103,"column":53}},{"start":{"line":104,"column":12},"end":{"line":104,"column":61}}]},"11":{"line":112,"type":"binary-expr","locations":[{"start":{"line":112,"column":45},"end":{"line":112,"column":79},"skip":true},{"start":{"line":112,"column":83},"end":{"line":121,"column":9},"skip":true}]},"12":{"line":123,"type":"binary-expr","locations":[{"start":{"line":123,"column":42},"end":{"line":123,"column":73},"skip":true},{"start":{"line":123,"column":77},"end":{"line":136,"column":9},"skip":true}]},"13":{"line":138,"type":"binary-expr","locations":[{"start":{"line":138,"column":48},"end":{"line":138,"column":85},"skip":true},{"start":{"line":139,"column":12},"end":{"line":145,"column":13},"skip":true}]},"14":{"line":147,"type":"binary-expr","locations":[{"start":{"line":147,"column":42},"end":{"line":147,"column":73},"skip":true},{"start":{"line":147,"column":77},"end":{"line":156,"column":9},"skip":true}]},"15":{"line":158,"type":"binary-expr","locations":[{"start":{"line":158,"column":45},"end":{"line":158,"column":79},"skip":true},{"start":{"line":158,"column":83},"end":{"line":167,"column":9},"skip":true}]},"16":{"line":169,"type":"binary-expr","locations":[{"start":{"line":169,"column":43},"end":{"line":169,"column":75},"skip":true},{"start":{"line":169,"column":79},"end":{"line":178,"column":9},"skip":true}]},"17":{"line":180,"type":"binary-expr","locations":[{"start":{"line":180,"column":41},"end":{"line":180,"column":71},"skip":true},{"start":{"line":180,"column":75},"end":{"line":189,"column":9},"skip":true}]}},"code":["/* istanbul instrument in package npmtest_deferred */","/*jslint","    bitwise: true,","    browser: true,","    maxerr: 8,","    maxlen: 96,","    node: true,","    nomen: true,","    regexp: true,","    stupid: true","*/","(function () {","    'use strict';","    var local;","","","","    // run shared js-env code - init-before","    (function () {","        // init local","        local = {};","        // init modeJs","        local.modeJs = (function () {","            try {","                return typeof navigator.userAgent === 'string' &&","                    typeof document.querySelector('body') === 'object' &&","                    typeof XMLHttpRequest.prototype.open === 'function' &&","                    'browser';","            } catch (errorCaughtBrowser) {","                return module.exports &&","                    typeof process.versions.node === 'string' &&","                    typeof require('http').createServer === 'function' &&","                    'node';","            }","        }());","        // init global","        local.global = local.modeJs === 'browser'","            ? window","            : global;","        switch (local.modeJs) {","        // re-init local from window.local","        case 'browser':","            local = local.global.utility2.objectSetDefault(","                local.global.utility2_rollup || local.global.local,","                local.global.utility2","            );","            break;","        // re-init local from example.js","        case 'node':","            local = (local.global.utility2_rollup || require('utility2'))","                .requireReadme();","            break;","        }","        // export local","        local.global.local = local;","    }());","","","","    // run shared js-env code - function","    (function () {","        return;","    }());","    switch (local.modeJs) {","","","","    // run browser js-env code - function","    case 'browser':","        break;","","","","    // run node js-env code - function","    case 'node':","        break;","    }","","","","    // run shared js-env code - init-after","    (function () {","        return;","    }());","    switch (local.modeJs) {","","","","    // run browser js-env code - init-after","    case 'browser':","        local.testCase_browser_nullCase = local.testCase_browser_nullCase || function (","            options,","            onError","        ) {","        /*","         * this function will test browsers's null-case handling-behavior-behavior","         */","            onError(null, options);","        };","","        // run tests","        local.nop(local.modeTest &&","            document.querySelector('#testRunButton1') &&","            document.querySelector('#testRunButton1').click());","        break;","","","","    // run node js-env code - init-after","    /* istanbul ignore next */","    case 'node':","        local.testCase_buildApidoc_default = local.testCase_buildApidoc_default || function (","            options,","            onError","        ) {","        /*","         * this function will test buildApidoc's default handling-behavior-behavior","         */","            options = { modulePathList: module.paths };","            local.buildApidoc(options, onError);","        };","","        local.testCase_buildApp_default = local.testCase_buildApp_default || function (","            options,","            onError","        ) {","        /*","         * this function will test buildApp's default handling-behavior-behavior","         */","            local.testCase_buildReadme_default(options, local.onErrorThrow);","            local.testCase_buildLib_default(options, local.onErrorThrow);","            local.testCase_buildTest_default(options, local.onErrorThrow);","            local.testCase_buildCustomOrg_default(options, local.onErrorThrow);","            options = [];","            local.buildApp(options, onError);","        };","","        local.testCase_buildCustomOrg_default = local.testCase_buildCustomOrg_default ||","            function (options, onError) {","            /*","             * this function will test buildCustomOrg's default handling-behavior","             */","                options = {};","                local.buildCustomOrg(options, onError);","            };","","        local.testCase_buildLib_default = local.testCase_buildLib_default || function (","            options,","            onError","        ) {","        /*","         * this function will test buildLib's default handling-behavior","         */","            options = {};","            local.buildLib(options, onError);","        };","","        local.testCase_buildReadme_default = local.testCase_buildReadme_default || function (","            options,","            onError","        ) {","        /*","         * this function will test buildReadme's default handling-behavior-behavior","         */","            options = {};","            local.buildReadme(options, onError);","        };","","        local.testCase_buildTest_default = local.testCase_buildTest_default || function (","            options,","            onError","        ) {","        /*","         * this function will test buildTest's default handling-behavior","         */","            options = {};","            local.buildTest(options, onError);","        };","","        local.testCase_webpage_default = local.testCase_webpage_default || function (","            options,","            onError","        ) {","        /*","         * this function will test webpage's default handling-behavior","         */","            options = { modeCoverageMerge: true, url: local.serverLocalHost + '?modeTest=1' };","            local.browserTest(options, onError);","        };","","        // run test-server","        local.testRunServer(local);","        break;","    }","}());",""],"l":{"12":2,"14":2,"19":2,"21":2,"23":2,"24":2,"25":2,"30":1,"37":2,"40":2,"43":1,"47":1,"50":1,"52":1,"55":2,"61":2,"62":2,"64":2,"70":1,"76":1,"82":2,"83":2,"85":2,"91":1,"98":1,"102":1,"105":1,"112":1,"119":1,"120":1,"123":1,"130":1,"131":1,"132":1,"133":1,"134":1,"135":1,"138":1,"143":2,"144":2,"147":1,"154":2,"155":2,"158":1,"165":2,"166":2,"169":1,"176":2,"177":2,"180":1,"187":1,"188":1,"192":1,"193":1}},"/home/travis/build/npmtest/node-npmtest-deferred/lib.npmtest_deferred.js":{"path":"/home/travis/build/npmtest/node-npmtest-deferred/lib.npmtest_deferred.js","s":{"1":2,"2":2,"3":2,"4":2,"5":2,"6":2,"7":2,"8":1,"9":2,"10":2,"11":2,"12":2,"13":1,"14":1,"15":1,"16":1},"b":{"1":[2,1,1,1],"2":[1,1,1,1],"3":[1,1],"4":[2,2],"5":[1,1]},"f":{"1":2,"2":2,"3":2},"fnMap":{"1":{"name":"(anonymous_1)","line":12,"loc":{"start":{"line":12,"column":1},"end":{"line":12,"column":13}}},"2":{"name":"(anonymous_2)","line":19,"loc":{"start":{"line":19,"column":5},"end":{"line":19,"column":17}}},"3":{"name":"(anonymous_3)","line":23,"loc":{"start":{"line":23,"column":24},"end":{"line":23,"column":36}}}},"statementMap":{"1":{"start":{"line":12,"column":0},"end":{"line":53,"column":5}},"2":{"start":{"line":14,"column":4},"end":{"line":14,"column":14}},"3":{"start":{"line":19,"column":4},"end":{"line":52,"column":9}},"4":{"start":{"line":21,"column":8},"end":{"line":21,"column":19}},"5":{"start":{"line":23,"column":8},"end":{"line":35,"column":13}},"6":{"start":{"line":24,"column":12},"end":{"line":34,"column":13}},"7":{"start":{"line":25,"column":16},"end":{"line":28,"column":30}},"8":{"start":{"line":30,"column":16},"end":{"line":33,"column":27}},"9":{"start":{"line":37,"column":8},"end":{"line":39,"column":21}},"10":{"start":{"line":41,"column":8},"end":{"line":41,"column":54}},"11":{"start":{"line":43,"column":8},"end":{"line":43,"column":53}},"12":{"start":{"line":45,"column":8},"end":{"line":51,"column":9}},"13":{"start":{"line":46,"column":12},"end":{"line":46,"column":59}},"14":{"start":{"line":48,"column":12},"end":{"line":48,"column":35}},"15":{"start":{"line":49,"column":12},"end":{"line":49,"column":49}},"16":{"start":{"line":50,"column":12},"end":{"line":50,"column":43}}},"branchMap":{"1":{"line":25,"type":"binary-expr","locations":[{"start":{"line":25,"column":23},"end":{"line":25,"column":62}},{"start":{"line":26,"column":20},"end":{"line":26,"column":70}},{"start":{"line":27,"column":20},"end":{"line":27,"column":71}},{"start":{"line":28,"column":20},"end":{"line":28,"column":29}}]},"2":{"line":30,"type":"binary-expr","locations":[{"start":{"line":30,"column":23},"end":{"line":30,"column":37}},{"start":{"line":31,"column":20},"end":{"line":31,"column":61}},{"start":{"line":32,"column":20},"end":{"line":32,"column":70}},{"start":{"line":33,"column":20},"end":{"line":33,"column":26}}]},"3":{"line":37,"type":"cond-expr","locations":[{"start":{"line":38,"column":14},"end":{"line":38,"column":20}},{"start":{"line":39,"column":14},"end":{"line":39,"column":20}}]},"4":{"line":41,"type":"binary-expr","locations":[{"start":{"line":41,"column":16},"end":{"line":41,"column":44}},{"start":{"line":41,"column":48},"end":{"line":41,"column":53}}]},"5":{"line":45,"type":"if","locations":[{"start":{"line":45,"column":8},"end":{"line":45,"column":8}},{"start":{"line":45,"column":8},"end":{"line":45,"column":8}}]}},"code":["/* istanbul instrument in package npmtest_deferred */","/*jslint","    bitwise: true,","    browser: true,","    maxerr: 8,","    maxlen: 96,","    node: true,","    nomen: true,","    regexp: true,","    stupid: true","*/","(function () {","    'use strict';","    var local;","","","","    // run shared js-env code - init-before","    (function () {","        // init local","        local = {};","        // init modeJs","        local.modeJs = (function () {","            try {","                return typeof navigator.userAgent === 'string' &&","                    typeof document.querySelector('body') === 'object' &&","                    typeof XMLHttpRequest.prototype.open === 'function' &&","                    'browser';","            } catch (errorCaughtBrowser) {","                return module.exports &&","                    typeof process.versions.node === 'string' &&","                    typeof require('http').createServer === 'function' &&","                    'node';","            }","        }());","        // init global","        local.global = local.modeJs === 'browser'","            ? window","            : global;","        // init utility2_rollup","        local = local.global.utility2_rollup || local;","        // init lib","        local.local = local.npmtest_deferred = local;","        // init exports","        if (local.modeJs === 'browser') {","            local.global.utility2_npmtest_deferred = local;","        } else {","            module.exports = local;","            module.exports.__dirname = __dirname;","            module.exports.module = module;","        }","    }());","}());",""],"l":{"12":2,"14":2,"19":2,"21":2,"23":2,"24":2,"25":2,"30":1,"37":2,"41":2,"43":2,"45":2,"46":1,"48":1,"49":1,"50":1}},"/home/travis/build/npmtest/node-npmtest-deferred/example.js":{"path":"/home/travis/build/npmtest/node-npmtest-deferred/example.js","s":{"1":2,"2":2,"3":2,"4":2,"5":2,"6":2,"7":2,"8":1,"9":2,"10":2,"11":2,"12":2,"13":1,"14":2,"15":2,"16":2,"17":2,"18":2,"19":0,"20":2,"21":1,"22":1,"23":1,"24":1,"25":1,"26":0,"27":0,"28":1,"29":1,"30":2,"31":0,"32":0,"33":0,"34":1,"35":2,"36":2,"37":3,"38":3,"39":3,"40":3,"41":0,"42":3,"43":3,"44":3,"45":1,"46":3,"47":1,"48":1,"49":1,"50":1,"51":1,"52":1,"53":1,"54":1,"55":1,"56":1,"57":0,"58":1,"59":6,"60":6,"61":1,"62":2,"63":0,"64":2,"65":1,"66":1,"67":0,"68":0,"69":0,"70":0,"71":0,"72":0,"73":0,"74":0,"75":0,"76":0,"77":0,"78":0,"79":0,"80":0,"81":0,"82":0,"83":0},"b":{"1":[2,1,1,1],"2":[1,1,1,1],"3":[1,1],"4":[2,2],"5":[1,1],"6":[1,1],"7":[2,0],"8":[2,1,1,1,1,1],"9":[0,2,0],"10":[1,1],"11":[2,1,1],"12":[1,0],"13":[0,2],"14":[2,0,0,0,0,0,0],"15":[0,3],"16":[3,0],"17":[1,1],"18":[0,1],"19":[1,2,0,2],"20":[1,0],"21":[1,1],"22":[0,0],"23":[0,0],"24":[0,0],"25":[0,0],"26":[0,0],"27":[0,0],"28":[0,0]},"f":{"1":2,"2":2,"3":2,"4":2,"5":2,"6":2,"7":3,"8":3,"9":3,"10":1,"11":6,"12":0},"fnMap":{"1":{"name":"(anonymous_1)","line":26,"loc":{"start":{"line":26,"column":1},"end":{"line":26,"column":13}}},"2":{"name":"(anonymous_2)","line":33,"loc":{"start":{"line":33,"column":5},"end":{"line":33,"column":17}}},"3":{"name":"(anonymous_3)","line":37,"loc":{"start":{"line":37,"column":24},"end":{"line":37,"column":36}}},"4":{"name":"(anonymous_4)","line":69,"loc":{"start":{"line":69,"column":31},"end":{"line":69,"column":48}},"skip":true},"5":{"name":"(anonymous_5)","line":78,"loc":{"start":{"line":78,"column":26},"end":{"line":78,"column":45}},"skip":true},"6":{"name":"(anonymous_6)","line":123,"loc":{"start":{"line":123,"column":33},"end":{"line":123,"column":48}},"skip":true},"7":{"name":"(anonymous_7)","line":125,"loc":{"start":{"line":125,"column":27},"end":{"line":125,"column":39}},"skip":true},"8":{"name":"(anonymous_8)","line":133,"loc":{"start":{"line":133,"column":59},"end":{"line":133,"column":74}},"skip":true},"9":{"name":"(anonymous_9)","line":143,"loc":{"start":{"line":143,"column":45},"end":{"line":143,"column":62}},"skip":true},"10":{"name":"(anonymous_10)","line":144,"loc":{"start":{"line":144,"column":73},"end":{"line":144,"column":92}},"skip":true},"11":{"name":"(anonymous_11)","line":272,"loc":{"start":{"line":272,"column":51},"end":{"line":272,"column":77}},"skip":true},"12":{"name":"(anonymous_12)","line":315,"loc":{"start":{"line":315,"column":32},"end":{"line":315,"column":61}},"skip":true}},"statementMap":{"1":{"start":{"line":26,"column":0},"end":{"line":326,"column":5}},"2":{"start":{"line":28,"column":4},"end":{"line":28,"column":14}},"3":{"start":{"line":33,"column":4},"end":{"line":60,"column":9}},"4":{"start":{"line":35,"column":8},"end":{"line":35,"column":19}},"5":{"start":{"line":37,"column":8},"end":{"line":49,"column":13}},"6":{"start":{"line":38,"column":12},"end":{"line":48,"column":13}},"7":{"start":{"line":39,"column":16},"end":{"line":42,"column":30}},"8":{"start":{"line":44,"column":16},"end":{"line":47,"column":27}},"9":{"start":{"line":51,"column":8},"end":{"line":53,"column":21}},"10":{"start":{"line":55,"column":8},"end":{"line":57,"column":45}},"11":{"start":{"line":59,"column":8},"end":{"line":59,"column":35}},"12":{"start":{"line":61,"column":4},"end":{"line":325,"column":5}},"13":{"start":{"line":69,"column":8},"end":{"line":121,"column":10},"skip":true},"14":{"start":{"line":70,"column":12},"end":{"line":88,"column":13},"skip":true},"15":{"start":{"line":76,"column":16},"end":{"line":87,"column":19},"skip":true},"16":{"start":{"line":79,"column":20},"end":{"line":86,"column":21},"skip":true},"17":{"start":{"line":82,"column":24},"end":{"line":82,"column":43},"skip":true},"18":{"start":{"line":83,"column":24},"end":{"line":83,"column":30},"skip":true},"19":{"start":{"line":85,"column":24},"end":{"line":85,"column":49},"skip":true},"20":{"start":{"line":89,"column":12},"end":{"line":107,"column":13},"skip":true},"21":{"start":{"line":92,"column":16},"end":{"line":102,"column":17},"skip":true},"22":{"start":{"line":93,"column":20},"end":{"line":93,"column":86},"skip":true},"23":{"start":{"line":94,"column":20},"end":{"line":95,"column":45},"skip":true},"24":{"start":{"line":96,"column":20},"end":{"line":96,"column":42},"skip":true},"25":{"start":{"line":97,"column":20},"end":{"line":97,"column":48},"skip":true},"26":{"start":{"line":100,"column":20},"end":{"line":100,"column":85},"skip":true},"27":{"start":{"line":101,"column":20},"end":{"line":101,"column":96},"skip":true},"28":{"start":{"line":103,"column":16},"end":{"line":103,"column":22},"skip":true},"29":{"start":{"line":106,"column":16},"end":{"line":106,"column":22},"skip":true},"30":{"start":{"line":108,"column":12},"end":{"line":120,"column":13},"skip":true},"31":{"start":{"line":114,"column":16},"end":{"line":119,"column":17},"skip":true},"32":{"start":{"line":116,"column":20},"end":{"line":116,"column":78},"skip":true},"33":{"start":{"line":118,"column":20},"end":{"line":118,"column":47},"skip":true},"34":{"start":{"line":123,"column":8},"end":{"line":141,"column":11},"skip":true},"35":{"start":{"line":124,"column":12},"end":{"line":124,"column":54},"skip":true},"36":{"start":{"line":125,"column":12},"end":{"line":140,"column":14},"skip":true},"37":{"start":{"line":126,"column":16},"end":{"line":126,"column":28},"skip":true},"38":{"start":{"line":127,"column":16},"end":{"line":127,"column":69},"skip":true},"39":{"start":{"line":128,"column":16},"end":{"line":128,"column":75},"skip":true},"40":{"start":{"line":129,"column":16},"end":{"line":131,"column":17},"skip":true},"41":{"start":{"line":130,"column":20},"end":{"line":130,"column":27},"skip":true},"42":{"start":{"line":133,"column":16},"end":{"line":137,"column":36},"skip":true},"43":{"start":{"line":134,"column":20},"end":{"line":136,"column":55},"skip":true},"44":{"start":{"line":139,"column":16},"end":{"line":139,"column":57},"skip":true},"45":{"start":{"line":143,"column":8},"end":{"line":147,"column":11},"skip":true},"46":{"start":{"line":144,"column":12},"end":{"line":146,"column":15},"skip":true},"47":{"start":{"line":145,"column":16},"end":{"line":145,"column":70},"skip":true},"48":{"start":{"line":149,"column":8},"end":{"line":149,"column":31},"skip":true},"49":{"start":{"line":150,"column":8},"end":{"line":150,"column":14},"skip":true},"50":{"start":{"line":158,"column":8},"end":{"line":158,"column":31},"skip":true},"51":{"start":{"line":160,"column":8},"end":{"line":160,"column":33},"skip":true},"52":{"start":{"line":161,"column":8},"end":{"line":161,"column":37},"skip":true},"53":{"start":{"line":162,"column":8},"end":{"line":162,"column":35},"skip":true},"54":{"start":{"line":164,"column":8},"end":{"line":164,"column":50},"skip":true},"55":{"start":{"line":166,"column":8},"end":{"line":256,"column":2},"skip":true},"56":{"start":{"line":258,"column":8},"end":{"line":286,"column":9},"skip":true},"57":{"start":{"line":259,"column":12},"end":{"line":269,"column":14},"skip":true},"58":{"start":{"line":271,"column":12},"end":{"line":285,"column":19},"skip":true},"59":{"start":{"line":274,"column":20},"end":{"line":274,"column":35},"skip":true},"60":{"start":{"line":275,"column":20},"end":{"line":284,"column":21},"skip":true},"61":{"start":{"line":277,"column":24},"end":{"line":277,"column":64},"skip":true},"62":{"start":{"line":279,"column":24},"end":{"line":279,"column":40},"skip":true},"63":{"start":{"line":281,"column":24},"end":{"line":281,"column":40},"skip":true},"64":{"start":{"line":283,"column":24},"end":{"line":283,"column":39},"skip":true},"65":{"start":{"line":288,"column":8},"end":{"line":290,"column":9},"skip":true},"66":{"start":{"line":289,"column":12},"end":{"line":289,"column":18},"skip":true},"67":{"start":{"line":291,"column":8},"end":{"line":293,"column":54},"skip":true},"68":{"start":{"line":296,"column":8},"end":{"line":301,"column":37},"skip":true},"69":{"start":{"line":303,"column":8},"end":{"line":303,"column":82},"skip":true},"70":{"start":{"line":306,"column":8},"end":{"line":308,"column":9},"skip":true},"71":{"start":{"line":307,"column":12},"end":{"line":307,"column":82},"skip":true},"72":{"start":{"line":310,"column":8},"end":{"line":312,"column":9},"skip":true},"73":{"start":{"line":311,"column":12},"end":{"line":311,"column":18},"skip":true},"74":{"start":{"line":313,"column":8},"end":{"line":313,"column":54},"skip":true},"75":{"start":{"line":314,"column":8},"end":{"line":314,"column":69},"skip":true},"76":{"start":{"line":315,"column":8},"end":{"line":323,"column":36},"skip":true},"77":{"start":{"line":316,"column":12},"end":{"line":316,"column":61},"skip":true},"78":{"start":{"line":317,"column":12},"end":{"line":320,"column":13},"skip":true},"79":{"start":{"line":318,"column":16},"end":{"line":318,"column":75},"skip":true},"80":{"start":{"line":319,"column":16},"end":{"line":319,"column":23},"skip":true},"81":{"start":{"line":321,"column":12},"end":{"line":321,"column":38},"skip":true},"82":{"start":{"line":322,"column":12},"end":{"line":322,"column":27},"skip":true},"83":{"start":{"line":324,"column":8},"end":{"line":324,"column":14},"skip":true}},"branchMap":{"1":{"line":39,"type":"binary-expr","locations":[{"start":{"line":39,"column":23},"end":{"line":39,"column":62}},{"start":{"line":40,"column":20},"end":{"line":40,"column":70}},{"start":{"line":41,"column":20},"end":{"line":41,"column":71}},{"start":{"line":42,"column":20},"end":{"line":42,"column":29}}]},"2":{"line":44,"type":"binary-expr","locations":[{"start":{"line":44,"column":23},"end":{"line":44,"column":37}},{"start":{"line":45,"column":20},"end":{"line":45,"column":61}},{"start":{"line":46,"column":20},"end":{"line":46,"column":70}},{"start":{"line":47,"column":20},"end":{"line":47,"column":26}}]},"3":{"line":51,"type":"cond-expr","locations":[{"start":{"line":52,"column":14},"end":{"line":52,"column":20}},{"start":{"line":53,"column":14},"end":{"line":53,"column":20}}]},"4":{"line":55,"type":"binary-expr","locations":[{"start":{"line":55,"column":16},"end":{"line":55,"column":44}},{"start":{"line":55,"column":49},"end":{"line":57,"column":43}}]},"5":{"line":55,"type":"cond-expr","locations":[{"start":{"line":56,"column":14},"end":{"line":56,"column":52}},{"start":{"line":57,"column":14},"end":{"line":57,"column":43}}]},"6":{"line":61,"type":"switch","locations":[{"start":{"line":68,"column":4},"end":{"line":150,"column":14},"skip":true},{"start":{"line":156,"column":4},"end":{"line":324,"column":14},"skip":true}]},"7":{"line":70,"type":"if","locations":[{"start":{"line":70,"column":12},"end":{"line":70,"column":12},"skip":true},{"start":{"line":70,"column":12},"end":{"line":70,"column":12},"skip":true}]},"8":{"line":70,"type":"binary-expr","locations":[{"start":{"line":70,"column":16},"end":{"line":70,"column":22},"skip":true},{"start":{"line":70,"column":27},"end":{"line":70,"column":32},"skip":true},{"start":{"line":71,"column":20},"end":{"line":71,"column":39},"skip":true},{"start":{"line":72,"column":20},"end":{"line":72,"column":49},"skip":true},{"start":{"line":73,"column":20},"end":{"line":73,"column":58},"skip":true},{"start":{"line":74,"column":20},"end":{"line":74,"column":69},"skip":true}]},"9":{"line":79,"type":"switch","locations":[{"start":{"line":80,"column":20},"end":{"line":80,"column":33},"skip":true},{"start":{"line":81,"column":20},"end":{"line":83,"column":30},"skip":true},{"start":{"line":84,"column":20},"end":{"line":85,"column":49},"skip":true}]},"10":{"line":89,"type":"switch","locations":[{"start":{"line":90,"column":12},"end":{"line":103,"column":22},"skip":true},{"start":{"line":105,"column":12},"end":{"line":106,"column":22},"skip":true}]},"11":{"line":89,"type":"binary-expr","locations":[{"start":{"line":89,"column":20},"end":{"line":89,"column":25},"skip":true},{"start":{"line":89,"column":29},"end":{"line":89,"column":48},"skip":true},{"start":{"line":89,"column":52},"end":{"line":89,"column":74},"skip":true}]},"12":{"line":92,"type":"if","locations":[{"start":{"line":92,"column":16},"end":{"line":92,"column":16},"skip":true},{"start":{"line":92,"column":16},"end":{"line":92,"column":16},"skip":true}]},"13":{"line":108,"type":"if","locations":[{"start":{"line":108,"column":12},"end":{"line":108,"column":12},"skip":true},{"start":{"line":108,"column":12},"end":{"line":108,"column":12},"skip":true}]},"14":{"line":108,"type":"binary-expr","locations":[{"start":{"line":108,"column":16},"end":{"line":108,"column":61},"skip":true},{"start":{"line":108,"column":66},"end":{"line":108,"column":72},"skip":true},{"start":{"line":108,"column":77},"end":{"line":108,"column":82},"skip":true},{"start":{"line":109,"column":20},"end":{"line":109,"column":39},"skip":true},{"start":{"line":110,"column":20},"end":{"line":110,"column":49},"skip":true},{"start":{"line":111,"column":20},"end":{"line":111,"column":58},"skip":true},{"start":{"line":112,"column":20},"end":{"line":112,"column":68},"skip":true}]},"15":{"line":129,"type":"if","locations":[{"start":{"line":129,"column":16},"end":{"line":129,"column":16},"skip":true},{"start":{"line":129,"column":16},"end":{"line":129,"column":16},"skip":true}]},"16":{"line":134,"type":"cond-expr","locations":[{"start":{"line":135,"column":26},"end":{"line":135,"column":29},"skip":true},{"start":{"line":136,"column":26},"end":{"line":136,"column":54},"skip":true}]},"17":{"line":164,"type":"binary-expr","locations":[{"start":{"line":164,"column":27},"end":{"line":164,"column":43},"skip":true},{"start":{"line":164,"column":47},"end":{"line":164,"column":49},"skip":true}]},"18":{"line":258,"type":"if","locations":[{"start":{"line":258,"column":8},"end":{"line":258,"column":8},"skip":true},{"start":{"line":258,"column":8},"end":{"line":258,"column":8},"skip":true}]},"19":{"line":275,"type":"switch","locations":[{"start":{"line":276,"column":20},"end":{"line":277,"column":64},"skip":true},{"start":{"line":278,"column":20},"end":{"line":279,"column":40},"skip":true},{"start":{"line":280,"column":20},"end":{"line":281,"column":40},"skip":true},{"start":{"line":282,"column":20},"end":{"line":283,"column":39},"skip":true}]},"20":{"line":288,"type":"if","locations":[{"start":{"line":288,"column":8},"end":{"line":288,"column":8},"skip":true},{"start":{"line":288,"column":8},"end":{"line":288,"column":8},"skip":true}]},"21":{"line":288,"type":"binary-expr","locations":[{"start":{"line":288,"column":12},"end":{"line":288,"column":40},"skip":true},{"start":{"line":288,"column":44},"end":{"line":288,"column":67},"skip":true}]},"22":{"line":292,"type":"binary-expr","locations":[{"start":{"line":292,"column":12},"end":{"line":292,"column":50},"skip":true},{"start":{"line":293,"column":12},"end":{"line":293,"column":53},"skip":true}]},"23":{"line":297,"type":"binary-expr","locations":[{"start":{"line":297,"column":12},"end":{"line":297,"column":66},"skip":true},{"start":{"line":298,"column":12},"end":{"line":301,"column":36},"skip":true}]},"24":{"line":303,"type":"binary-expr","locations":[{"start":{"line":303,"column":43},"end":{"line":303,"column":75},"skip":true},{"start":{"line":303,"column":79},"end":{"line":303,"column":81},"skip":true}]},"25":{"line":306,"type":"if","locations":[{"start":{"line":306,"column":8},"end":{"line":306,"column":8},"skip":true},{"start":{"line":306,"column":8},"end":{"line":306,"column":8},"skip":true}]},"26":{"line":310,"type":"if","locations":[{"start":{"line":310,"column":8},"end":{"line":310,"column":8},"skip":true},{"start":{"line":310,"column":8},"end":{"line":310,"column":8},"skip":true}]},"27":{"line":313,"type":"binary-expr","locations":[{"start":{"line":313,"column":27},"end":{"line":313,"column":43},"skip":true},{"start":{"line":313,"column":47},"end":{"line":313,"column":53},"skip":true}]},"28":{"line":317,"type":"if","locations":[{"start":{"line":317,"column":12},"end":{"line":317,"column":12},"skip":true},{"start":{"line":317,"column":12},"end":{"line":317,"column":12},"skip":true}]}},"code":["/*","example.js","","quickstart example","","instruction","    1. save this script as example.js","    2. run the shell command:","        $ npm install npmtest-deferred && PORT=8081 node example.js","    3. play with the browser-demo on http://127.0.0.1:8081","*/","","","","/* istanbul instrument in package npmtest_deferred */","/*jslint","    bitwise: true,","    browser: true,","    maxerr: 8,","    maxlen: 96,","    node: true,","    nomen: true,","    regexp: true,","    stupid: true","*/","(function () {","    'use strict';","    var local;","","","","    // run shared js-env code - init-before","    (function () {","        // init local","        local = {};","        // init modeJs","        local.modeJs = (function () {","            try {","                return typeof navigator.userAgent === 'string' &&","                    typeof document.querySelector('body') === 'object' &&","                    typeof XMLHttpRequest.prototype.open === 'function' &&","                    'browser';","            } catch (errorCaughtBrowser) {","                return module.exports &&","                    typeof process.versions.node === 'string' &&","                    typeof require('http').createServer === 'function' &&","                    'node';","            }","        }());","        // init global","        local.global = local.modeJs === 'browser'","            ? window","            : global;","        // init utility2_rollup","        local = local.global.utility2_rollup || (local.modeJs === 'browser'","            ? local.global.utility2_npmtest_deferred","            : global.utility2_moduleExports);","        // export local","        local.global.local = local;","    }());","    switch (local.modeJs) {","","","","    // init-after","    // run browser js-env code - init-after","    /* istanbul ignore next */","    case 'browser':","        local.testRunBrowser = function (event) {","            if (!event || (event &&","                    event.currentTarget &&","                    event.currentTarget.className &&","                    event.currentTarget.className.includes &&","                    event.currentTarget.className.includes('onreset'))) {","                // reset output","                Array.from(","                    document.querySelectorAll('body > .resettable')","                ).forEach(function (element) {","                    switch (element.tagName) {","                    case 'INPUT':","                    case 'TEXTAREA':","                        element.value = '';","                        break;","                    default:","                        element.textContent = '';","                    }","                });","            }","            switch (event && event.currentTarget && event.currentTarget.id) {","            case 'testRunButton1':","                // show tests","                if (document.querySelector('#testReportDiv1').style.display === 'none') {","                    document.querySelector('#testReportDiv1').style.display = 'block';","                    document.querySelector('#testRunButton1').textContent =","                        'hide internal test';","                    local.modeTest = true;","                    local.testRunDefault(local);","                // hide tests","                } else {","                    document.querySelector('#testReportDiv1').style.display = 'none';","                    document.querySelector('#testRunButton1').textContent = 'run internal test';","                }","                break;","            // custom-case","            default:","                break;","            }","            if (document.querySelector('#inputTextareaEval1') && (!event || (event &&","                    event.currentTarget &&","                    event.currentTarget.className &&","                    event.currentTarget.className.includes &&","                    event.currentTarget.className.includes('oneval')))) {","                // try to eval input-code","                try {","                    /*jslint evil: true*/","                    eval(document.querySelector('#inputTextareaEval1').value);","                } catch (errorCaught) {","                    console.error(errorCaught);","                }","            }","        };","        // log stderr and stdout to #outputTextareaStdout1","        ['error', 'log'].forEach(function (key) {","            console[key + '_original'] = console[key];","            console[key] = function () {","                var element;","                console[key + '_original'].apply(console, arguments);","                element = document.querySelector('#outputTextareaStdout1');","                if (!element) {","                    return;","                }","                // append text to #outputTextareaStdout1","                element.value += Array.from(arguments).map(function (arg) {","                    return typeof arg === 'string'","                        ? arg","                        : JSON.stringify(arg, null, 4);","                }).join(' ') + '\\n';","                // scroll textarea to bottom","                element.scrollTop = element.scrollHeight;","            };","        });","        // init event-handling","        ['change', 'click', 'keyup'].forEach(function (event) {","            Array.from(document.querySelectorAll('.on' + event)).forEach(function (element) {","                element.addEventListener(event, local.testRunBrowser);","            });","        });","        // run tests","        local.testRunBrowser();","        break;","","","","    // run node js-env code - init-after","    /* istanbul ignore next */","    case 'node':","        // export local","        module.exports = local;","        // require modules","        local.fs = require('fs');","        local.http = require('http');","        local.url = require('url');","        // init assets","        local.assetsDict = local.assetsDict || {};","        /* jslint-ignore-begin */","        local.assetsDict['/assets.index.template.html'] = '\\","<!doctype html>\\n\\","<html lang=\"en\">\\n\\","<head>\\n\\","<meta charset=\"UTF-8\">\\n\\","<meta name=\"viewport\" content=\"width=device-width, initial-scale=1\">\\n\\","<title>{{env.npm_package_name}} (v{{env.npm_package_version}})</title>\\n\\","<style>\\n\\","/*csslint\\n\\","    box-sizing: false,\\n\\","    universal-selector: false\\n\\","*/\\n\\","* {\\n\\","    box-sizing: border-box;\\n\\","}\\n\\","body {\\n\\","    background: #dde;\\n\\","    font-family: Arial, Helvetica, sans-serif;\\n\\","    margin: 2rem;\\n\\","}\\n\\","body > * {\\n\\","    margin-bottom: 1rem;\\n\\","}\\n\\",".utility2FooterDiv {\\n\\","    margin-top: 20px;\\n\\","    text-align: center;\\n\\","}\\n\\","</style>\\n\\","<style>\\n\\","/*csslint\\n\\","*/\\n\\","textarea {\\n\\","    font-family: monospace;\\n\\","    height: 10rem;\\n\\","    width: 100%;\\n\\","}\\n\\","textarea[readonly] {\\n\\","    background: #ddd;\\n\\","}\\n\\","</style>\\n\\","</head>\\n\\","<body>\\n\\","<!-- utility2-comment\\n\\","<div id=\"ajaxProgressDiv1\" style=\"background: #d00; height: 2px; left: 0; margin: 0; padding: 0; position: fixed; top: 0; transition: background 0.5s, width 1.5s; width: 25%;\"></div>\\n\\","utility2-comment -->\\n\\","<h1>\\n\\","<!-- utility2-comment\\n\\","    <a\\n\\","        {{#if env.npm_package_homepage}}\\n\\","        href=\"{{env.npm_package_homepage}}\"\\n\\","        {{/if env.npm_package_homepage}}\\n\\","        target=\"_blank\"\\n\\","    >\\n\\","utility2-comment -->\\n\\","        {{env.npm_package_name}} (v{{env.npm_package_version}})\\n\\","<!-- utility2-comment\\n\\","    </a>\\n\\","utility2-comment -->\\n\\","</h1>\\n\\","<h3>{{env.npm_package_description}}</h3>\\n\\","<!-- utility2-comment\\n\\","<h4><a download href=\"assets.app.js\">download standalone app</a></h4>\\n\\","<button class=\"onclick onreset\" id=\"testRunButton1\">run internal test</button><br>\\n\\","<div id=\"testReportDiv1\" style=\"display: none;\"></div>\\n\\","utility2-comment -->\\n\\","\\n\\","\\n\\","\\n\\","<label>stderr and stdout</label>\\n\\","<textarea class=\"resettable\" id=\"outputTextareaStdout1\" readonly></textarea>\\n\\","<!-- utility2-comment\\n\\","{{#if isRollup}}\\n\\","<script src=\"assets.app.js\"></script>\\n\\","{{#unless isRollup}}\\n\\","utility2-comment -->\\n\\","<script src=\"assets.utility2.rollup.js\"></script>\\n\\","<script src=\"jsonp.utility2._stateInit?callback=window.utility2._stateInit\"></script>\\n\\","<script src=\"assets.npmtest_deferred.rollup.js\"></script>\\n\\","<script src=\"assets.example.js\"></script>\\n\\","<script src=\"assets.test.js\"></script>\\n\\","<!-- utility2-comment\\n\\","{{/if isRollup}}\\n\\","utility2-comment -->\\n\\","<div class=\"utility2FooterDiv\">\\n\\","    [ this app was created with\\n\\","    <a href=\"https://github.com/kaizhu256/node-utility2\" target=\"_blank\">utility2</a>\\n\\","    ]\\n\\","</div>\\n\\","</body>\\n\\","</html>\\n\\","';","        /* jslint-ignore-end */","        if (local.templateRender) {","            local.assetsDict['/'] = local.templateRender(","                local.assetsDict['/assets.index.template.html'],","                {","                    env: local.objectSetDefault(local.env, {","                        npm_package_description: 'the greatest app in the world!',","                        npm_package_name: 'my-app',","                        npm_package_nameAlias: 'my_app',","                        npm_package_version: '0.0.1'","                    })","                }","            );","        } else {","            local.assetsDict['/'] = local.assetsDict['/assets.index.template.html']","                .replace((/\\{\\{env\\.(\\w+?)\\}\\}/g), function (match0, match1) {","                    // jslint-hack","                    String(match0);","                    switch (match1) {","                    case 'npm_package_description':","                        return 'the greatest app in the world!';","                    case 'npm_package_name':","                        return 'my-app';","                    case 'npm_package_nameAlias':","                        return 'my_app';","                    case 'npm_package_version':","                        return '0.0.1';","                    }","                });","        }","        // run the cli","        if (local.global.utility2_rollup || module !== require.main) {","            break;","        }","        local.assetsDict['/assets.example.js'] =","            local.assetsDict['/assets.example.js'] ||","            local.fs.readFileSync(__filename, 'utf8');","        // bug-workaround - long $npm_package_buildCustomOrg","        /* jslint-ignore-begin */","        local.assetsDict['/assets.npmtest_deferred.rollup.js'] =","            local.assetsDict['/assets.npmtest_deferred.rollup.js'] ||","            local.fs.readFileSync(","                local.npmtest_deferred.__dirname + '/lib.npmtest_deferred.js',","                'utf8'","            ).replace((/^#!/), '//');","        /* jslint-ignore-end */","        local.assetsDict['/favicon.ico'] = local.assetsDict['/favicon.ico'] || '';","        // if $npm_config_timeout_exit exists,","        // then exit this process after $npm_config_timeout_exit ms","        if (Number(process.env.npm_config_timeout_exit)) {","            setTimeout(process.exit, Number(process.env.npm_config_timeout_exit));","        }","        // start server","        if (local.global.utility2_serverHttp1) {","            break;","        }","        process.env.PORT = process.env.PORT || '8081';","        console.error('server starting on port ' + process.env.PORT);","        local.http.createServer(function (request, response) {","            request.urlParsed = local.url.parse(request.url);","            if (local.assetsDict[request.urlParsed.pathname] !== undefined) {","                response.end(local.assetsDict[request.urlParsed.pathname]);","                return;","            }","            response.statusCode = 404;","            response.end();","        }).listen(process.env.PORT);","        break;","    }","}());",""],"l":{"26":2,"28":2,"33":2,"35":2,"37":2,"38":2,"39":2,"44":1,"51":2,"55":2,"59":2,"61":2,"69":1,"70":2,"76":2,"79":2,"82":2,"83":2,"85":1,"89":2,"92":1,"93":1,"94":1,"96":1,"97":1,"100":1,"101":1,"103":1,"106":1,"108":2,"114":1,"116":1,"118":1,"123":1,"124":2,"125":2,"126":3,"127":3,"128":3,"129":3,"130":1,"133":3,"134":3,"139":3,"143":1,"144":3,"145":1,"149":1,"150":1,"158":1,"160":1,"161":1,"162":1,"164":1,"166":1,"258":1,"259":1,"271":1,"274":6,"275":6,"277":1,"279":2,"281":1,"283":2,"288":1,"289":1,"291":1,"296":1,"303":1,"306":1,"307":1,"310":1,"311":1,"313":1,"314":1,"315":1,"316":1,"317":1,"318":1,"319":1,"321":1,"322":1,"324":1}},"/home/travis/build/npmtest/node-npmtest-deferred/node_modules/deferred/index.js":{"path":"/home/travis/build/npmtest/node-npmtest-deferred/node_modules/deferred/index.js","s":{"1":1,"2":1,"3":1,"4":1,"5":1,"6":1,"7":1,"8":1,"9":1,"10":1,"11":1,"12":1,"13":1},"b":{},"f":{},"fnMap":{},"statementMap":{"1":{"start":{"line":7,"column":0},"end":{"line":8,"column":46}},"2":{"start":{"line":10,"column":0},"end":{"line":26,"column":26}},"3":{"start":{"line":28,"column":0},"end":{"line":28,"column":31}},"4":{"start":{"line":29,"column":0},"end":{"line":29,"column":31}},"5":{"start":{"line":30,"column":0},"end":{"line":30,"column":28}},"6":{"start":{"line":31,"column":0},"end":{"line":31,"column":33}},"7":{"start":{"line":32,"column":0},"end":{"line":32,"column":29}},"8":{"start":{"line":33,"column":0},"end":{"line":33,"column":32}},"9":{"start":{"line":34,"column":0},"end":{"line":34,"column":38}},"10":{"start":{"line":35,"column":0},"end":{"line":35,"column":29}},"11":{"start":{"line":36,"column":0},"end":{"line":36,"column":32}},"12":{"start":{"line":37,"column":0},"end":{"line":37,"column":30}},"13":{"start":{"line":38,"column":0},"end":{"line":38,"column":32}}},"branchMap":{},"code":["// This construct deferred with all needed goodies that are being exported","// when we import 'deferred' by main name.","// All available promise extensions are also initialized.","","'use strict';","","var call   = Function.prototype.call","  , assign = require('es5-ext/object/assign');","","module.exports = assign(require('./deferred'), {","\tinvokeAsync:   require('./invoke-async'),","\tisPromise:     require('./is-promise'),","\tdynamicQueue:  require('./dynamic-queue'),","\tvalidPromise:  require('./valid-promise'),","\tcallAsync:     call.bind(require('./ext/function/call-async')),","\tdelay:         call.bind(require('./ext/function/delay')),","\tgate:          call.bind(require('./ext/function/gate')),","\tmonitor:       require('./monitor'),","\tpromisify:     call.bind(require('./ext/function/promisify')),","\tpromisifySync: call.bind(require('./ext/function/promisify-sync')),","\tevery:         call.bind(require('./ext/array/every')),","\tfind:          call.bind(require('./ext/array/find')),","\tmap:           call.bind(require('./ext/array/map')),","\treduce:        call.bind(require('./ext/array/reduce')),","\tsome:          call.bind(require('./ext/array/some'))","}, require('./profiler'));","","require('./ext/promise/aside');","require('./ext/promise/catch');","require('./ext/promise/cb');","require('./ext/promise/finally');","require('./ext/promise/get');","require('./ext/promise/invoke');","require('./ext/promise/invoke-async');","require('./ext/promise/map');","require('./ext/promise/spread');","require('./ext/promise/some');","require('./ext/promise/reduce');",""],"l":{"7":1,"10":1,"28":1,"29":1,"30":1,"31":1,"32":1,"33":1,"34":1,"35":1,"36":1,"37":1,"38":1}},"/home/travis/build/npmtest/node-npmtest-deferred/node_modules/deferred/deferred.js":{"path":"/home/travis/build/npmtest/node-npmtest-deferred/node_modules/deferred/deferred.js","s":{"1":1,"2":1,"3":0,"4":0,"5":0,"6":0,"7":0,"8":1,"9":0,"10":0,"11":0,"12":0,"13":0,"14":0,"15":0,"16":0,"17":0,"18":0,"19":1,"20":0,"21":0,"22":0,"23":0,"24":0,"25":0,"26":0,"27":0,"28":0,"29":0,"30":0,"31":0,"32":0,"33":0,"34":1,"35":0,"36":0,"37":0,"38":0,"39":0,"40":0,"41":0,"42":0,"43":0,"44":0,"45":0,"46":0,"47":0,"48":0,"49":0,"50":0,"51":0,"52":0,"53":0,"54":0,"55":0,"56":0,"57":0,"58":0,"59":0,"60":0,"61":0,"62":0,"63":0,"64":0,"65":0,"66":0,"67":0,"68":0,"69":0,"70":0,"71":0,"72":0,"73":0,"74":0,"75":0,"76":0,"77":0,"78":0,"79":0,"80":0,"81":0,"82":0,"83":0,"84":0,"85":0,"86":0,"87":0,"88":0,"89":0,"90":0,"91":0,"92":0,"93":0,"94":0,"95":0,"96":0,"97":0,"98":0,"99":0,"100":0,"101":0,"102":1,"103":0,"104":0,"105":0,"106":0,"107":0,"108":0,"109":0,"110":0,"111":0,"112":0,"113":0,"114":0,"115":0,"116":0,"117":0,"118":0,"119":0,"120":0,"121":0,"122":0,"123":0,"124":0,"125":0,"126":0,"127":0,"128":0,"129":0,"130":0,"131":0,"132":0,"133":0,"134":0,"135":1,"136":1,"137":0,"138":1,"139":0,"140":0,"141":0,"142":0,"143":1,"144":1},"b":{"1":[0,0],"2":[0,0],"3":[0,0],"4":[0,0],"5":[0,0],"6":[0,0],"7":[0,0],"8":[0,0],"9":[0,0],"10":[0,0],"11":[0,0],"12":[0,0],"13":[0,0],"14":[0,0],"15":[0,0],"16":[0,0],"17":[0,0],"18":[0,0],"19":[0,0],"20":[0,0],"21":[0,0],"22":[0,0],"23":[0,0],"24":[0,0],"25":[0,0],"26":[0,0],"27":[0,0],"28":[0,0],"29":[0,0],"30":[0,0],"31":[0,0],"32":[0,0],"33":[0,0],"34":[0,0],"35":[0,0]},"f":{"1":0,"2":0,"3":0,"4":0,"5":0,"6":0,"7":0,"8":0,"9":0,"10":0,"11":0,"12":0,"13":0,"14":0,"15":0,"16":0,"17":0},"fnMap":{"1":{"name":"(anonymous_1)","line":24,"loc":{"start":{"line":24,"column":13},"end":{"line":24,"column":32}}},"2":{"name":"(anonymous_2)","line":25,"loc":{"start":{"line":25,"column":20},"end":{"line":25,"column":36}}},"3":{"name":"(anonymous_3)","line":26,"loc":{"start":{"line":26,"column":18},"end":{"line":26,"column":30}}},"4":{"name":"(anonymous_4)","line":34,"loc":{"start":{"line":34,"column":10},"end":{"line":34,"column":35}}},"5":{"name":"(anonymous_5)","line":35,"loc":{"start":{"line":35,"column":15},"end":{"line":35,"column":36}}},"6":{"name":"(anonymous_6)","line":44,"loc":{"start":{"line":44,"column":11},"end":{"line":44,"column":23}}},"7":{"name":"(anonymous_7)","line":45,"loc":{"start":{"line":45,"column":15},"end":{"line":45,"column":36}}},"8":{"name":"(anonymous_8)","line":59,"loc":{"start":{"line":59,"column":10},"end":{"line":59,"column":27}}},"9":{"name":"(anonymous_9)","line":90,"loc":{"start":{"line":90,"column":10},"end":{"line":90,"column":27}}},"10":{"name":"(anonymous_10)","line":104,"loc":{"start":{"line":104,"column":35},"end":{"line":104,"column":54}}},"11":{"name":"self","line":107,"loc":{"start":{"line":107,"column":41},"end":{"line":107,"column":65}}},"12":{"name":"(anonymous_12)","line":129,"loc":{"start":{"line":129,"column":9},"end":{"line":129,"column":26}}},"13":{"name":"(anonymous_13)","line":139,"loc":{"start":{"line":139,"column":34},"end":{"line":139,"column":51}}},"14":{"name":"(anonymous_14)","line":146,"loc":{"start":{"line":146,"column":24},"end":{"line":146,"column":48}}},"15":{"name":"(anonymous_15)","line":161,"loc":{"start":{"line":161,"column":14},"end":{"line":161,"column":31}}},"16":{"name":"(anonymous_16)","line":177,"loc":{"start":{"line":177,"column":24},"end":{"line":177,"column":41}}},"17":{"name":"(anonymous_17)","line":178,"loc":{"start":{"line":178,"column":25},"end":{"line":178,"column":42}}}},"statementMap":{"1":{"start":{"line":14,"column":0},"end":{"line":22,"column":24}},"2":{"start":{"line":24,"column":0},"end":{"line":32,"column":2}},"3":{"start":{"line":25,"column":1},"end":{"line":29,"column":4}},"4":{"start":{"line":26,"column":2},"end":{"line":28,"column":4}},"5":{"start":{"line":27,"column":3},"end":{"line":27,"column":60}},"6":{"start":{"line":30,"column":1},"end":{"line":30,"column":31}},"7":{"start":{"line":31,"column":1},"end":{"line":31,"column":47}},"8":{"start":{"line":34,"column":0},"end":{"line":42,"column":2}},"9":{"start":{"line":35,"column":1},"end":{"line":35,"column":72}},"10":{"start":{"line":35,"column":38},"end":{"line":35,"column":69}},"11":{"start":{"line":36,"column":1},"end":{"line":36,"column":23}},"12":{"start":{"line":37,"column":1},"end":{"line":37,"column":25}},"13":{"start":{"line":38,"column":1},"end":{"line":38,"column":35}},"14":{"start":{"line":39,"column":1},"end":{"line":39,"column":46}},"15":{"start":{"line":39,"column":24},"end":{"line":39,"column":44}},"16":{"start":{"line":40,"column":1},"end":{"line":40,"column":60}},"17":{"start":{"line":40,"column":30},"end":{"line":40,"column":60}},"18":{"start":{"line":41,"column":1},"end":{"line":41,"column":16}},"19":{"start":{"line":44,"column":0},"end":{"line":55,"column":2}},"20":{"start":{"line":45,"column":1},"end":{"line":45,"column":72}},"21":{"start":{"line":45,"column":38},"end":{"line":45,"column":69}},"22":{"start":{"line":46,"column":1},"end":{"line":46,"column":45}},"23":{"start":{"line":46,"column":13},"end":{"line":46,"column":45}},"24":{"start":{"line":47,"column":1},"end":{"line":47,"column":9}},"25":{"start":{"line":48,"column":1},"end":{"line":48,"column":74}},"26":{"start":{"line":48,"column":30},"end":{"line":48,"column":74}},"27":{"start":{"line":49,"column":1},"end":{"line":49,"column":37}},"28":{"start":{"line":50,"column":1},"end":{"line":50,"column":42}},"29":{"start":{"line":50,"column":22},"end":{"line":50,"column":42}},"30":{"start":{"line":51,"column":1},"end":{"line":51,"column":56}},"31":{"start":{"line":52,"column":1},"end":{"line":52,"column":24}},"32":{"start":{"line":53,"column":1},"end":{"line":53,"column":40}},"33":{"start":{"line":54,"column":1},"end":{"line":54,"column":38}},"34":{"start":{"line":57,"column":0},"end":{"line":137,"column":2}},"35":{"start":{"line":60,"column":2},"end":{"line":60,"column":44}},"36":{"start":{"line":61,"column":2},"end":{"line":61,"column":29}},"37":{"start":{"line":62,"column":2},"end":{"line":62,"column":41}},"38":{"start":{"line":63,"column":2},"end":{"line":63,"column":52}},"39":{"start":{"line":63,"column":23},"end":{"line":63,"column":52}},"40":{"start":{"line":64,"column":2},"end":{"line":64,"column":35}},"41":{"start":{"line":65,"column":2},"end":{"line":65,"column":35}},"42":{"start":{"line":66,"column":2},"end":{"line":81,"column":3}},"43":{"start":{"line":67,"column":3},"end":{"line":78,"column":4}},"44":{"start":{"line":68,"column":4},"end":{"line":68,"column":27}},"45":{"start":{"line":69,"column":4},"end":{"line":69,"column":34}},"46":{"start":{"line":70,"column":4},"end":{"line":70,"column":39}},"47":{"start":{"line":71,"column":4},"end":{"line":71,"column":50}},"48":{"start":{"line":71,"column":25},"end":{"line":71,"column":50}},"49":{"start":{"line":72,"column":4},"end":{"line":72,"column":28}},"50":{"start":{"line":73,"column":4},"end":{"line":77,"column":5}},"51":{"start":{"line":74,"column":5},"end":{"line":75,"column":52}},"52":{"start":{"line":74,"column":18},"end":{"line":74,"column":49}},"53":{"start":{"line":75,"column":10},"end":{"line":75,"column":52}},"54":{"start":{"line":76,"column":5},"end":{"line":76,"column":34}},"55":{"start":{"line":79,"column":3},"end":{"line":79,"column":17}},"56":{"start":{"line":80,"column":3},"end":{"line":80,"column":17}},"57":{"start":{"line":82,"column":2},"end":{"line":87,"column":3}},"58":{"start":{"line":83,"column":3},"end":{"line":85,"column":4}},"59":{"start":{"line":84,"column":4},"end":{"line":84,"column":56}},"60":{"start":{"line":86,"column":3},"end":{"line":86,"column":31}},"61":{"start":{"line":88,"column":2},"end":{"line":88,"column":22}},"62":{"start":{"line":91,"column":2},"end":{"line":91,"column":41}},"63":{"start":{"line":91,"column":21},"end":{"line":91,"column":41}},"64":{"start":{"line":92,"column":2},"end":{"line":92,"column":23}},"65":{"start":{"line":93,"column":2},"end":{"line":93,"column":38}},"66":{"start":{"line":93,"column":16},"end":{"line":93,"column":38}},"67":{"start":{"line":94,"column":2},"end":{"line":94,"column":63}},"68":{"start":{"line":94,"column":28},"end":{"line":94,"column":63}},"69":{"start":{"line":95,"column":2},"end":{"line":95,"column":28}},"70":{"start":{"line":96,"column":2},"end":{"line":126,"column":3}},"71":{"start":{"line":97,"column":3},"end":{"line":123,"column":4}},"72":{"start":{"line":98,"column":4},"end":{"line":100,"column":5}},"73":{"start":{"line":99,"column":5},"end":{"line":99,"column":29}},"74":{"start":{"line":101,"column":4},"end":{"line":101,"column":42}},"75":{"start":{"line":102,"column":4},"end":{"line":121,"column":5}},"76":{"start":{"line":103,"column":5},"end":{"line":116,"column":6}},"77":{"start":{"line":104,"column":6},"end":{"line":104,"column":88}},"78":{"start":{"line":104,"column":56},"end":{"line":104,"column":84}},"79":{"start":{"line":105,"column":6},"end":{"line":105,"column":43}},"80":{"start":{"line":106,"column":6},"end":{"line":113,"column":7}},"81":{"start":{"line":107,"column":7},"end":{"line":112,"column":10}},"82":{"start":{"line":108,"column":8},"end":{"line":108,"column":41}},"83":{"start":{"line":109,"column":8},"end":{"line":111,"column":9}},"84":{"start":{"line":110,"column":9},"end":{"line":110,"column":45}},"85":{"start":{"line":115,"column":6},"end":{"line":115,"column":43}},"86":{"start":{"line":117,"column":11},"end":{"line":121,"column":5}},"87":{"start":{"line":118,"column":5},"end":{"line":118,"column":42}},"88":{"start":{"line":120,"column":5},"end":{"line":120,"column":47}},"89":{"start":{"line":122,"column":4},"end":{"line":122,"column":24}},"90":{"start":{"line":124,"column":3},"end":{"line":124,"column":38}},"91":{"start":{"line":125,"column":3},"end":{"line":125,"column":23}},"92":{"start":{"line":127,"column":2},"end":{"line":127,"column":29}},"93":{"start":{"line":130,"column":2},"end":{"line":130,"column":41}},"94":{"start":{"line":130,"column":21},"end":{"line":130,"column":41}},"95":{"start":{"line":131,"column":2},"end":{"line":131,"column":23}},"96":{"start":{"line":132,"column":2},"end":{"line":132,"column":38}},"97":{"start":{"line":132,"column":16},"end":{"line":132,"column":38}},"98":{"start":{"line":133,"column":2},"end":{"line":133,"column":63}},"99":{"start":{"line":133,"column":28},"end":{"line":133,"column":63}},"100":{"start":{"line":134,"column":2},"end":{"line":134,"column":29}},"101":{"start":{"line":135,"column":2},"end":{"line":135,"column":29}},"102":{"start":{"line":139,"column":0},"end":{"line":174,"column":2}},"103":{"start":{"line":140,"column":1},"end":{"line":140,"column":59}},"104":{"start":{"line":141,"column":1},"end":{"line":141,"column":31}},"105":{"start":{"line":141,"column":9},"end":{"line":141,"column":31}},"106":{"start":{"line":142,"column":1},"end":{"line":170,"column":2}},"107":{"start":{"line":143,"column":2},"end":{"line":143,"column":21}},"108":{"start":{"line":144,"column":2},"end":{"line":144,"column":14}},"109":{"start":{"line":145,"column":2},"end":{"line":145,"column":24}},"110":{"start":{"line":146,"column":2},"end":{"line":166,"column":5}},"111":{"start":{"line":147,"column":3},"end":{"line":147,"column":29}},"112":{"start":{"line":148,"column":3},"end":{"line":151,"column":4}},"113":{"start":{"line":149,"column":4},"end":{"line":149,"column":26}},"114":{"start":{"line":150,"column":4},"end":{"line":150,"column":16}},"115":{"start":{"line":152,"column":3},"end":{"line":159,"column":4}},"116":{"start":{"line":153,"column":4},"end":{"line":156,"column":5}},"117":{"start":{"line":154,"column":5},"end":{"line":154,"column":27}},"118":{"start":{"line":155,"column":5},"end":{"line":155,"column":18}},"119":{"start":{"line":157,"column":4},"end":{"line":157,"column":32}},"120":{"start":{"line":158,"column":4},"end":{"line":158,"column":16}},"121":{"start":{"line":160,"column":3},"end":{"line":160,"column":13}},"122":{"start":{"line":161,"column":3},"end":{"line":164,"column":16}},"123":{"start":{"line":162,"column":4},"end":{"line":162,"column":26}},"124":{"start":{"line":163,"column":4},"end":{"line":163,"column":53}},"125":{"start":{"line":163,"column":35},"end":{"line":163,"column":53}},"126":{"start":{"line":165,"column":3},"end":{"line":165,"column":15}},"127":{"start":{"line":167,"column":2},"end":{"line":167,"column":21}},"128":{"start":{"line":168,"column":2},"end":{"line":168,"column":34}},"129":{"start":{"line":168,"column":16},"end":{"line":168,"column":34}},"130":{"start":{"line":169,"column":2},"end":{"line":169,"column":19}},"131":{"start":{"line":171,"column":1},"end":{"line":171,"column":27}},"132":{"start":{"line":172,"column":1},"end":{"line":172,"column":36}},"133":{"start":{"line":172,"column":23},"end":{"line":172,"column":36}},"134":{"start":{"line":173,"column":1},"end":{"line":173,"column":39}},"135":{"start":{"line":176,"column":0},"end":{"line":176,"column":35}},"136":{"start":{"line":177,"column":0},"end":{"line":177,"column":74}},"137":{"start":{"line":177,"column":43},"end":{"line":177,"column":71}},"138":{"start":{"line":178,"column":0},"end":{"line":182,"column":2}},"139":{"start":{"line":179,"column":1},"end":{"line":179,"column":27}},"140":{"start":{"line":180,"column":1},"end":{"line":180,"column":36}},"141":{"start":{"line":180,"column":23},"end":{"line":180,"column":36}},"142":{"start":{"line":181,"column":1},"end":{"line":181,"column":30}},"143":{"start":{"line":183,"column":0},"end":{"line":183,"column":24}},"144":{"start":{"line":184,"column":0},"end":{"line":184,"column":37}}},"branchMap":{"1":{"line":39,"type":"if","locations":[{"start":{"line":39,"column":1},"end":{"line":39,"column":1}},{"start":{"line":39,"column":1},"end":{"line":39,"column":1}}]},"2":{"line":40,"type":"if","locations":[{"start":{"line":40,"column":1},"end":{"line":40,"column":1}},{"start":{"line":40,"column":1},"end":{"line":40,"column":1}}]},"3":{"line":46,"type":"if","locations":[{"start":{"line":46,"column":1},"end":{"line":46,"column":1}},{"start":{"line":46,"column":1},"end":{"line":46,"column":1}}]},"4":{"line":48,"type":"if","locations":[{"start":{"line":48,"column":1},"end":{"line":48,"column":1}},{"start":{"line":48,"column":1},"end":{"line":48,"column":1}}]},"5":{"line":50,"type":"if","locations":[{"start":{"line":50,"column":1},"end":{"line":50,"column":1}},{"start":{"line":50,"column":1},"end":{"line":50,"column":1}}]},"6":{"line":51,"type":"binary-expr","locations":[{"start":{"line":51,"column":2},"end":{"line":51,"column":25}},{"start":{"line":51,"column":29},"end":{"line":51,"column":54}}]},"7":{"line":63,"type":"if","locations":[{"start":{"line":63,"column":2},"end":{"line":63,"column":2}},{"start":{"line":63,"column":2},"end":{"line":63,"column":2}}]},"8":{"line":71,"type":"if","locations":[{"start":{"line":71,"column":4},"end":{"line":71,"column":4}},{"start":{"line":71,"column":4},"end":{"line":71,"column":4}}]},"9":{"line":73,"type":"if","locations":[{"start":{"line":73,"column":4},"end":{"line":73,"column":4}},{"start":{"line":73,"column":4},"end":{"line":73,"column":4}}]},"10":{"line":74,"type":"if","locations":[{"start":{"line":74,"column":5},"end":{"line":74,"column":5}},{"start":{"line":74,"column":5},"end":{"line":74,"column":5}}]},"11":{"line":82,"type":"if","locations":[{"start":{"line":82,"column":2},"end":{"line":82,"column":2}},{"start":{"line":82,"column":2},"end":{"line":82,"column":2}}]},"12":{"line":91,"type":"if","locations":[{"start":{"line":91,"column":2},"end":{"line":91,"column":2}},{"start":{"line":91,"column":2},"end":{"line":91,"column":2}}]},"13":{"line":93,"type":"if","locations":[{"start":{"line":93,"column":2},"end":{"line":93,"column":2}},{"start":{"line":93,"column":2},"end":{"line":93,"column":2}}]},"14":{"line":94,"type":"if","locations":[{"start":{"line":94,"column":2},"end":{"line":94,"column":2}},{"start":{"line":94,"column":2},"end":{"line":94,"column":2}}]},"15":{"line":96,"type":"if","locations":[{"start":{"line":96,"column":2},"end":{"line":96,"column":2}},{"start":{"line":96,"column":2},"end":{"line":96,"column":2}}]},"16":{"line":97,"type":"if","locations":[{"start":{"line":97,"column":3},"end":{"line":97,"column":3}},{"start":{"line":97,"column":3},"end":{"line":97,"column":3}}]},"17":{"line":98,"type":"if","locations":[{"start":{"line":98,"column":4},"end":{"line":98,"column":4}},{"start":{"line":98,"column":4},"end":{"line":98,"column":4}}]},"18":{"line":102,"type":"if","locations":[{"start":{"line":102,"column":4},"end":{"line":102,"column":4}},{"start":{"line":102,"column":4},"end":{"line":102,"column":4}}]},"19":{"line":103,"type":"if","locations":[{"start":{"line":103,"column":5},"end":{"line":103,"column":5}},{"start":{"line":103,"column":5},"end":{"line":103,"column":5}}]},"20":{"line":106,"type":"if","locations":[{"start":{"line":106,"column":6},"end":{"line":106,"column":6}},{"start":{"line":106,"column":6},"end":{"line":106,"column":6}}]},"21":{"line":109,"type":"if","locations":[{"start":{"line":109,"column":8},"end":{"line":109,"column":8}},{"start":{"line":109,"column":8},"end":{"line":109,"column":8}}]},"22":{"line":117,"type":"if","locations":[{"start":{"line":117,"column":11},"end":{"line":117,"column":11}},{"start":{"line":117,"column":11},"end":{"line":117,"column":11}}]},"23":{"line":130,"type":"if","locations":[{"start":{"line":130,"column":2},"end":{"line":130,"column":2}},{"start":{"line":130,"column":2},"end":{"line":130,"column":2}}]},"24":{"line":132,"type":"if","locations":[{"start":{"line":132,"column":2},"end":{"line":132,"column":2}},{"start":{"line":132,"column":2},"end":{"line":132,"column":2}}]},"25":{"line":133,"type":"if","locations":[{"start":{"line":133,"column":2},"end":{"line":133,"column":2}},{"start":{"line":133,"column":2},"end":{"line":133,"column":2}}]},"26":{"line":141,"type":"if","locations":[{"start":{"line":141,"column":1},"end":{"line":141,"column":1}},{"start":{"line":141,"column":1},"end":{"line":141,"column":1}}]},"27":{"line":142,"type":"if","locations":[{"start":{"line":142,"column":1},"end":{"line":142,"column":1}},{"start":{"line":142,"column":1},"end":{"line":142,"column":1}}]},"28":{"line":148,"type":"if","locations":[{"start":{"line":148,"column":3},"end":{"line":148,"column":3}},{"start":{"line":148,"column":3},"end":{"line":148,"column":3}}]},"29":{"line":152,"type":"if","locations":[{"start":{"line":152,"column":3},"end":{"line":152,"column":3}},{"start":{"line":152,"column":3},"end":{"line":152,"column":3}}]},"30":{"line":153,"type":"if","locations":[{"start":{"line":153,"column":4},"end":{"line":153,"column":4}},{"start":{"line":153,"column":4},"end":{"line":153,"column":4}}]},"31":{"line":163,"type":"if","locations":[{"start":{"line":163,"column":4},"end":{"line":163,"column":4}},{"start":{"line":163,"column":4},"end":{"line":163,"column":4}}]},"32":{"line":163,"type":"binary-expr","locations":[{"start":{"line":163,"column":8},"end":{"line":163,"column":18}},{"start":{"line":163,"column":22},"end":{"line":163,"column":33}}]},"33":{"line":168,"type":"if","locations":[{"start":{"line":168,"column":2},"end":{"line":168,"column":2}},{"start":{"line":168,"column":2},"end":{"line":168,"column":2}}]},"34":{"line":172,"type":"if","locations":[{"start":{"line":172,"column":1},"end":{"line":172,"column":1}},{"start":{"line":172,"column":1},"end":{"line":172,"column":1}}]},"35":{"line":180,"type":"if","locations":[{"start":{"line":180,"column":1},"end":{"line":180,"column":1}},{"start":{"line":180,"column":1},"end":{"line":180,"column":1}}]}},"code":["// Returns function that returns deferred or promise object.","//","// 1. If invoked without arguments then deferred object is returned","//    Deferred object consist of promise (unresolved) function and resolve","//    function through which we resolve promise","// 2. If invoked with one argument then promise is returned which resolved value","//    is given argument. Argument may be any value (even undefined),","//    if it's promise then same promise is returned","// 3. If invoked with more than one arguments then promise that resolves with","//    array of all resolved arguments is returned.","","'use strict';","","var isError    = require('es5-ext/error/is-error')","  , noop       = require('es5-ext/function/noop')","  , isPromise  = require('./is-promise')","","  , every = Array.prototype.every, push = Array.prototype.push","","  , Deferred, createDeferred, count = 0, timeout, extendShim, ext","  , protoSupported = Boolean(isPromise.__proto__)","  , resolve, assimilate;","","extendShim = function (promise) {","\text._names.forEach(function (name) {","\t\tpromise[name] = function () {","\t\t\treturn promise.__proto__[name].apply(promise, arguments);","\t\t};","\t});","\tpromise.returnsPromise = true;","\tpromise.resolved = promise.__proto__.resolved;","};","","resolve = function (value, failed) {","\tvar promise = function (win, fail) { return promise.then(win, fail); };","\tpromise.value = value;","\tpromise.failed = failed;","\tpromise.__proto__ = ext._resolved;","\tif (!protoSupported) { extendShim(promise); }","\tif (createDeferred._profile) createDeferred._profile(true);","\treturn promise;","};","","Deferred = function () {","\tvar promise = function (win, fail) { return promise.then(win, fail); };","\tif (!count) timeout = setTimeout(noop, 1e9);","\t++count;","\tif (createDeferred._monitor) promise.monitor = createDeferred._monitor();","\tpromise.__proto__ = ext._unresolved;","\tif (!protoSupported) extendShim(promise);","\t(createDeferred._profile && createDeferred._profile());","\tthis.promise = promise;","\tthis.resolve = this.resolve.bind(this);","\tthis.reject = this.reject.bind(this);","};","","Deferred.prototype = {","\tresolved: false,","\t_settle: function (value) {","\t\tvar i, name, data, deps, dPromise, nuDeps;","\t\tthis.promise.value = value;","\t\tthis.promise.__proto__ = ext._resolved;","\t\tif (!protoSupported) this.promise.resolved = true;","\t\tdeps = this.promise.dependencies;","\t\tdelete this.promise.dependencies;","\t\twhile (deps) {","\t\t\tfor (i = 0; (dPromise = deps[i]); ++i) {","\t\t\t\tdPromise.value = value;","\t\t\t\tdPromise.failed = this.failed;","\t\t\t\tdPromise.__proto__ = ext._resolved;","\t\t\t\tif (!protoSupported) dPromise.resolved = true;","\t\t\t\tdelete dPromise.pending;","\t\t\t\tif (dPromise.dependencies) {","\t\t\t\t\tif (!nuDeps) nuDeps = dPromise.dependencies;","\t\t\t\t\telse push.apply(nuDeps, dPromise.dependencies);","\t\t\t\t\tdelete dPromise.dependencies;","\t\t\t\t}","\t\t\t}","\t\t\tdeps = nuDeps;","\t\t\tnuDeps = null;","\t\t}","\t\tif ((data = this.promise.pending)) {","\t\t\tfor (i = 0; (name = data[i]); ++i) {","\t\t\t\text._onresolve[name].apply(this.promise, data[++i]);","\t\t\t}","\t\t\tdelete this.promise.pending;","\t\t}","\t\treturn this.promise;","\t},","\tresolve: function (value) {","\t\tif (this.resolved) return this.promise;","\t\tthis.resolved = true;","\t\tif (!--count) clearTimeout(timeout);","\t\tif (this.promise.monitor) clearTimeout(this.promise.monitor);","\t\tvalue = assimilate(value);","\t\tif (isPromise(value)) {","\t\t\tif (!value.resolved) {","\t\t\t\tif (!value.dependencies) {","\t\t\t\t\tvalue.dependencies = [];","\t\t\t\t}","\t\t\t\tvalue.dependencies.push(this.promise);","\t\t\t\tif (this.promise.pending) {","\t\t\t\t\tif (value.pending) {","\t\t\t\t\t\tthis.promise.pending.forEach(function (promise) { value.pending.push(promise); });","\t\t\t\t\t\tthis.promise.pending = value.pending;","\t\t\t\t\t\tif (this.promise.dependencies) {","\t\t\t\t\t\t\tthis.promise.dependencies.forEach(function self(dPromise) {","\t\t\t\t\t\t\t\tdPromise.pending = value.pending;","\t\t\t\t\t\t\t\tif (dPromise.dependencies) {","\t\t\t\t\t\t\t\t\tdPromise.dependencies.forEach(self);","\t\t\t\t\t\t\t\t}","\t\t\t\t\t\t\t});","\t\t\t\t\t\t}","\t\t\t\t\t} else {","\t\t\t\t\t\tvalue.pending = this.promise.pending;","\t\t\t\t\t}","\t\t\t\t} else if (value.pending) {","\t\t\t\t\tthis.promise.pending = value.pending;","\t\t\t\t} else {","\t\t\t\t\tthis.promise.pending = value.pending = [];","\t\t\t\t}","\t\t\t\treturn this.promise;","\t\t\t}","\t\t\tthis.promise.failed = value.failed;","\t\t\tvalue = value.value;","\t\t}","\t\treturn this._settle(value);","\t},","\treject: function (error) {","\t\tif (this.resolved) return this.promise;","\t\tthis.resolved = true;","\t\tif (!--count) clearTimeout(timeout);","\t\tif (this.promise.monitor) clearTimeout(this.promise.monitor);","\t\tthis.promise.failed = true;","\t\treturn this._settle(error);","\t}","};","","module.exports = createDeferred = function (value) {","\tvar l = arguments.length, d, waiting, initialized, result;","\tif (!l) return new Deferred();","\tif (l > 1) {","\t\td = new Deferred();","\t\twaiting = 0;","\t\tresult = new Array(l);","\t\tevery.call(arguments, function (value, index) {","\t\t\tvalue = assimilate(value);","\t\t\tif (!isPromise(value)) {","\t\t\t\tresult[index] = value;","\t\t\t\treturn true;","\t\t\t}","\t\t\tif (value.resolved) {","\t\t\t\tif (value.failed) {","\t\t\t\t\td.reject(value.value);","\t\t\t\t\treturn false;","\t\t\t\t}","\t\t\t\tresult[index] = value.value;","\t\t\t\treturn true;","\t\t\t}","\t\t\t++waiting;","\t\t\tvalue.done(function (value) {","\t\t\t\tresult[index] = value;","\t\t\t\tif (!--waiting && initialized) d.resolve(result);","\t\t\t}, d.reject);","\t\t\treturn true;","\t\t});","\t\tinitialized = true;","\t\tif (!waiting) d.resolve(result);","\t\treturn d.promise;","\t}","\tvalue = assimilate(value);","\tif (isPromise(value)) return value;","\treturn resolve(value, isError(value));","};","","createDeferred.Deferred = Deferred;","createDeferred.reject = function (value) { return resolve(value, true); };","createDeferred.resolve = function (value) {","\tvalue = assimilate(value);","\tif (isPromise(value)) return value;","\treturn resolve(value, false);","};","ext = require('./_ext');","assimilate = require('./assimilate');",""],"l":{"14":1,"24":1,"25":0,"26":0,"27":0,"30":0,"31":0,"34":1,"35":0,"36":0,"37":0,"38":0,"39":0,"40":0,"41":0,"44":1,"45":0,"46":0,"47":0,"48":0,"49":0,"50":0,"51":0,"52":0,"53":0,"54":0,"57":1,"60":0,"61":0,"62":0,"63":0,"64":0,"65":0,"66":0,"67":0,"68":0,"69":0,"70":0,"71":0,"72":0,"73":0,"74":0,"75":0,"76":0,"79":0,"80":0,"82":0,"83":0,"84":0,"86":0,"88":0,"91":0,"92":0,"93":0,"94":0,"95":0,"96":0,"97":0,"98":0,"99":0,"101":0,"102":0,"103":0,"104":0,"105":0,"106":0,"107":0,"108":0,"109":0,"110":0,"115":0,"117":0,"118":0,"120":0,"122":0,"124":0,"125":0,"127":0,"130":0,"131":0,"132":0,"133":0,"134":0,"135":0,"139":1,"140":0,"141":0,"142":0,"143":0,"144":0,"145":0,"146":0,"147":0,"148":0,"149":0,"150":0,"152":0,"153":0,"154":0,"155":0,"157":0,"158":0,"160":0,"161":0,"162":0,"163":0,"165":0,"167":0,"168":0,"169":0,"171":0,"172":0,"173":0,"176":1,"177":1,"178":1,"179":0,"180":0,"181":0,"183":1,"184":1}},"/home/travis/build/npmtest/node-npmtest-deferred/node_modules/deferred/is-promise.js":{"path":"/home/travis/build/npmtest/node-npmtest-deferred/node_mo
[...]
:1},"end":{"line":301,"column":46}},"198":{"start":{"line":303,"column":1},"end":{"line":312,"column":3}},"199":{"start":{"line":304,"column":2},"end":{"line":311,"column":5}},"200":{"start":{"line":305,"column":3},"end":{"line":310,"column":4}},"201":{"start":{"line":306,"column":4},"end":{"line":306,"column":16}},"202":{"start":{"line":308,"column":4},"end":{"line":308,"column":54}},"203":{"start":{"line":309,"column":4},"end":{"line":309,"column":11}},"204":{"start":{"line":313,"column":1},"end":{"line":313,"column":14}},"205":{"start":{"line":314,"column":1},"end":{"line":314,"column":8}},"206":{"start":{"line":318,"column":1},"end":{"line":318,"column":23}},"207":{"start":{"line":320,"column":1},"end":{"line":327,"column":3}},"208":{"start":{"line":321,"column":2},"end":{"line":321,"column":25}},"209":{"start":{"line":322,"column":2},"end":{"line":325,"column":5}},"210":{"start":{"line":323,"column":3},"end":{"line":324,"column":27}},"211":{"start":{"line":323,"column":12},"end":{"line":323,"column":28}},"212":{"start":{"line":324,"column":8},"end":{"line":324,"column":27}},"213":{"start":{"line":326,"column":2},"end":{"line":326,"column":21}},"214":{"start":{"line":329,"column":1},"end":{"line":334,"column":3}},"215":{"start":{"line":330,"column":2},"end":{"line":333,"column":59}},"216":{"start":{"line":331,"column":3},"end":{"line":332,"column":23}},"217":{"start":{"line":331,"column":12},"end":{"line":331,"column":24}},"218":{"start":{"line":332,"column":8},"end":{"line":332,"column":23}},"219":{"start":{"line":333,"column":20},"end":{"line":333,"column":55}},"220":{"start":{"line":333,"column":43},"end":{"line":333,"column":51}},"221":{"start":{"line":335,"column":1},"end":{"line":335,"column":14}},"222":{"start":{"line":336,"column":1},"end":{"line":336,"column":8}},"223":{"start":{"line":338,"column":1},"end":{"line":338,"column":23}},"224":{"start":{"line":340,"column":1},"end":{"line":347,"column":3}},"225":{"start":{"line":341,"column":2},"end":{"line":341,"column":25}},"226":{"start":{"line":342,"column":2},"end":{"line":345,"column":5}},"227":{"start":{"line":343,"column":3},"end":{"line":344,"column":27}},"228":{"start":{"line":343,"column":12},"end":{"line":343,"column":28}},"229":{"start":{"line":344,"column":8},"end":{"line":344,"column":27}},"230":{"start":{"line":346,"column":2},"end":{"line":346,"column":21}},"231":{"start":{"line":349,"column":1},"end":{"line":358,"column":3}},"232":{"start":{"line":350,"column":2},"end":{"line":357,"column":59}},"233":{"start":{"line":351,"column":3},"end":{"line":356,"column":4}},"234":{"start":{"line":352,"column":4},"end":{"line":352,"column":16}},"235":{"start":{"line":354,"column":4},"end":{"line":354,"column":51}},"236":{"start":{"line":355,"column":4},"end":{"line":355,"column":19}},"237":{"start":{"line":357,"column":20},"end":{"line":357,"column":55}},"238":{"start":{"line":357,"column":43},"end":{"line":357,"column":51}},"239":{"start":{"line":359,"column":1},"end":{"line":359,"column":14}},"240":{"start":{"line":360,"column":1},"end":{"line":360,"column":8}},"241":{"start":{"line":363,"column":0},"end":{"line":375,"column":2}},"242":{"start":{"line":364,"column":1},"end":{"line":374,"column":9}},"243":{"start":{"line":365,"column":2},"end":{"line":373,"column":3}},"244":{"start":{"line":366,"column":3},"end":{"line":366,"column":19}},"245":{"start":{"line":368,"column":3},"end":{"line":368,"column":17}},"246":{"start":{"line":369,"column":3},"end":{"line":372,"column":59}},"247":{"start":{"line":370,"column":4},"end":{"line":371,"column":44}},"248":{"start":{"line":372,"column":30},"end":{"line":372,"column":55}},"249":{"start":{"line":377,"column":0},"end":{"line":377,"column":7}}},"branchMap":{"1":{"line":33,"type":"if","locations":[{"start":{"line":33,"column":3},"end":{"line":33,"column":3}},{"start":{"line":33,"column":3},"end":{"line":33,"column":3}}]},"2":{"line":34,"type":"if","locations":[{"start":{"line":34,"column":3},"end":{"line":34,"column":3}},{"start":{"line":34,"column":3},"end":{"line":34,"column":3}}]},"3":{"line":44,"type":"if","locations":[{"start":{"line":44,"column":3},"end":{"line":44,"column":3}},{"start":{"line":44,"column":3},"end":{"line":44,"column":3}}]},"4":{"line":45,"type":"if","locations":[{"start":{"line":45,"column":3},"end":{"line":45,"column":3}},{"start":{"line":45,"column":3},"end":{"line":45,"column":3}}]},"5":{"line":62,"type":"if","locations":[{"start":{"line":62,"column":3},"end":{"line":62,"column":3}},{"start":{"line":62,"column":3},"end":{"line":62,"column":3}}]},"6":{"line":73,"type":"if","locations":[{"start":{"line":73,"column":3},"end":{"line":73,"column":3}},{"start":{"line":73,"column":3},"end":{"line":73,"column":3}}]},"7":{"line":90,"type":"if","locations":[{"start":{"line":90,"column":4},"end":{"line":90,"column":4}},{"start":{"line":90,"column":4},"end":{"line":90,"column":4}}]},"8":{"line":98,"type":"if","locations":[{"start":{"line":98,"column":3},"end":{"line":98,"column":3}},{"start":{"line":98,"column":3},"end":{"line":98,"column":3}}]},"9":{"line":110,"type":"if","locations":[{"start":{"line":110,"column":4},"end":{"line":110,"column":4}},{"start":{"line":110,"column":4},"end":{"line":110,"column":4}}]},"10":{"line":118,"type":"if","locations":[{"start":{"line":118,"column":3},"end":{"line":118,"column":3}},{"start":{"line":118,"column":3},"end":{"line":118,"column":3}}]},"11":{"line":137,"type":"if","locations":[{"start":{"line":137,"column":3},"end":{"line":137,"column":3}},{"start":{"line":137,"column":3},"end":{"line":137,"column":3}}]},"12":{"line":145,"type":"if","locations":[{"start":{"line":145,"column":3},"end":{"line":145,"column":3}},{"start":{"line":145,"column":3},"end":{"line":145,"column":3}}]},"13":{"line":157,"type":"if","locations":[{"start":{"line":157,"column":3},"end":{"line":157,"column":3}},{"start":{"line":157,"column":3},"end":{"line":157,"column":3}}]},"14":{"line":165,"type":"if","locations":[{"start":{"line":165,"column":3},"end":{"line":165,"column":3}},{"start":{"line":165,"column":3},"end":{"line":165,"column":3}}]},"15":{"line":183,"type":"binary-expr","locations":[{"start":{"line":183,"column":50},"end":{"line":183,"column":53}},{"start":{"line":183,"column":57},"end":{"line":183,"column":62}}]},"16":{"line":189,"type":"if","locations":[{"start":{"line":189,"column":3},"end":{"line":189,"column":3}},{"start":{"line":189,"column":3},"end":{"line":189,"column":3}}]},"17":{"line":200,"type":"binary-expr","locations":[{"start":{"line":200,"column":50},"end":{"line":200,"column":53}},{"start":{"line":200,"column":57},"end":{"line":200,"column":62}}]},"18":{"line":206,"type":"if","locations":[{"start":{"line":206,"column":3},"end":{"line":206,"column":3}},{"start":{"line":206,"column":3},"end":{"line":206,"column":3}}]},"19":{"line":221,"type":"if","locations":[{"start":{"line":221,"column":3},"end":{"line":221,"column":3}},{"start":{"line":221,"column":3},"end":{"line":221,"column":3}}]},"20":{"line":232,"type":"if","locations":[{"start":{"line":232,"column":3},"end":{"line":232,"column":3}},{"start":{"line":232,"column":3},"end":{"line":232,"column":3}}]},"21":{"line":250,"type":"if","locations":[{"start":{"line":250,"column":3},"end":{"line":250,"column":3}},{"start":{"line":250,"column":3},"end":{"line":250,"column":3}}]},"22":{"line":258,"type":"if","locations":[{"start":{"line":258,"column":3},"end":{"line":258,"column":3}},{"start":{"line":258,"column":3},"end":{"line":258,"column":3}}]},"23":{"line":270,"type":"if","locations":[{"start":{"line":270,"column":3},"end":{"line":270,"column":3}},{"start":{"line":270,"column":3},"end":{"line":270,"column":3}}]},"24":{"line":278,"type":"if","locations":[{"start":{"line":278,"column":3},"end":{"line":278,"column":3}},{"start":{"line":278,"column":3},"end":{"line":278,"column":3}}]},"25":{"line":294,"type":"if","locations":[{"start":{"line":294,"column":3},"end":{"line":294,"column":3}},{"start":{"line":294,"column":3},"end":{"line":294,"column":3}}]},"26":{"line":305,"type":"if","locations":[{"start":{"line":305,"column":3},"end":{"line":305,"column":3}},{"start":{"line":305,"column":3},"end":{"line":305,"column":3}}]},"27":{"line":323,"type":"if","locations":[{"start":{"line":323,"column":3},"end":{"line":323,"column":3}},{"start":{"line":323,"column":3},"end":{"line":323,"column":3}}]},"28":{"line":331,"type":"if","locations":[{"start":{"line":331,"column":3},"end":{"line":331,"column":3}},{"start":{"line":331,"column":3},"end":{"line":331,"column":3}}]},"29":{"line":343,"type":"if","locations":[{"start":{"line":343,"column":3},"end":{"line":343,"column":3}},{"start":{"line":343,"column":3},"end":{"line":343,"column":3}}]},"30":{"line":351,"type":"if","locations":[{"start":{"line":351,"column":3},"end":{"line":351,"column":3}},{"start":{"line":351,"column":3},"end":{"line":351,"column":3}}]},"31":{"line":365,"type":"if","locations":[{"start":{"line":365,"column":2},"end":{"line":365,"column":2}},{"start":{"line":365,"column":2},"end":{"line":365,"column":2}}]}},"code":["'use strict';","","// Benchmark comparing overhead introduced by promise implementations","// (one by after another)","// To run it, do following in package path:","//","// $ npm install Q when kew bluebird","// $ node benchmark/one-after-another.js","","var forEach    = require('es5-ext/object/for-each')","  , pad        = require('es5-ext/string/#/pad')","  , lstat      = require('fs').lstat","  , Q          = require('Q')","  , Bluebird   = require('bluebird')","  , kew        = require('kew')","  , when       = require('when')","  , deferred   = require('../')","","  , now = Date.now","  , Deferred = deferred.Deferred, promisify = deferred.promisify","  , nextTick = process.nextTick","","  , self, time, count = 10000, data = {}, next, tests, def = deferred();","","console.log(\"Promise overhead (calling one after another)\",","\t\"x\" + count + \":\\n\");","","// Base","tests = [function () {","\tvar i = count;","\tself = function () {","\t\tlstat(__filename, function (err, stats) {","\t\t\tif (err) throw err;","\t\t\tif (--i) self(stats);","\t\t\telse next(); // Ignore first one","\t\t});","\t};","\ttime = now();","\tself();","}, function () {","\tvar i = count;","\tself = function () {","\t\tlstat(__filename, function (err, stats) {","\t\t\tif (err) throw err;","\t\t\tif (--i) {","\t\t\t\tself(stats);","\t\t\t} else {","\t\t\t\tdata[\"Base (plain Node.js lstat call)\"] = now() - time;","\t\t\t\tnext();","\t\t\t}","\t\t});","\t};","\ttime = now();","\tself();","","// Bluebird","}, function () {","\tvar i = count, dlstat = Bluebird.promisify(lstat);","","\tself = function () {","\t\tdlstat(__filename).done(function (stats) {","\t\t\tif (--i) self(stats);","\t\t\telse next();","\t\t}, function (err) { nextTick(function () { throw err; }); });","\t};","\ttime = now();","\tself();","}, function () {","\tvar i = count, dlstat = Bluebird.promisify(lstat);","","\tself = function () {","\t\tdlstat(__filename).done(function (stats) {","\t\t\tif (--i) {","\t\t\t\tself(stats);","\t\t\t} else {","\t\t\t\tdata[\"Bluebird: Promisify (generic wrapper)\"] = now() - time;","\t\t\t\t// Get out of try/catch clause","\t\t\t\tnext();","\t\t\t}","\t\t}, function (err) { nextTick(function () { throw err; }); });","\t};","\ttime = now();","\tself();","}, function () {","\tvar i = count, dlstat;","","\tdlstat = function (path) {","\t\treturn new Bluebird(function (resolve, reject) {","\t\t\tlstat(path, function (err, stats) {","\t\t\t\tif (err) reject(err);","\t\t\t\telse resolve(stats);","\t\t\t});","\t\t});","\t};","","\tself = function () {","\t\tdlstat(__filename).done(function (stats) {","\t\t\tif (--i) self(stats);","\t\t\telse next();","\t\t}, function (err) { nextTick(function () { throw err; }); });","\t};","\ttime = now();","\tself();","}, function () {","\tvar i = count, dlstat;","","\tdlstat = function (path) {","\t\treturn new Bluebird(function (resolve, reject) {","\t\t\tlstat(path, function (err, stats) {","\t\t\t\tif (err) reject(err);","\t\t\t\telse resolve(stats);","\t\t\t});","\t\t});","\t};","","\tself = function () {","\t\tdlstat(__filename).done(function (stats) {","\t\t\tif (--i) {","\t\t\t\tself(stats);","\t\t\t} else {","\t\t\t\tdata[\"Bluebird: Dedicated wrapper\"] = now() - time;","\t\t\t\t// Get out of try/catch clause","\t\t\t\tnext();","\t\t\t}","\t\t}, function (err) { nextTick(function () { throw err; }); });","\t};","\ttime = now();","\tself();","","// Kew","}, function () {","\tvar i = count, dlstat;","","\tdlstat = function (path) {","\t\tvar def = kew.defer();","\t\tlstat(path, function (err, stats) {","\t\t\tif (err) def.reject(err);","\t\t\telse def.resolve(stats);","\t\t});","\t\treturn def;","\t};","","\tself = function () {","\t\tdlstat(__filename).then(function (stats) {","\t\t\tif (--i) self(stats);","\t\t\telse nextTick(next);","\t\t}, function (err) { nextTick(function () { throw err; }); });","\t};","\ttime = now();","\tself();","}, function () {","\tvar i = count, dlstat;","","\tdlstat = function (path) {","\t\tvar def = kew.defer();","\t\tlstat(path, function (err, stats) {","\t\t\tif (err) def.reject(err);","\t\t\telse def.resolve(stats);","\t\t});","\t\treturn def;","\t};","","\tself = function () {","\t\tdlstat(__filename).then(function (stats) {","\t\t\tif (--i) {","\t\t\t\tself(stats);","\t\t\t} else {","\t\t\t\tdata[\"Kew: Dedicated wrapper\"] = now() - time;","\t\t\t\t// Get out of try/catch clause","\t\t\t\tnextTick(next);","\t\t\t}","\t\t}, function (err) { nextTick(function () { throw err; }); });","\t};","\ttime = now();","\tself();","","// Deferred","}, function () {","\tvar i = count, dlstat;","","\tdlstat = function (path) {","\t\tvar def = new Deferred();","\t\tlstat(path, function (err, stats) { def.resolve(err || stats); });","\t\treturn def.promise;","\t};","","\tself = function () {","\t\tdlstat(__filename).done(function (stats) {","\t\t\tif (--i) self(stats);","\t\t\telse next(); // Ignore first one","\t\t});","\t};","\ttime = now();","\tself();","}, function () {","\tvar i = count, dlstat;","","\tdlstat = function (path) {","\t\tvar def = new Deferred();","\t\tlstat(path, function (err, stats) { def.resolve(err || stats); });","\t\treturn def.promise;","\t};","","\tself = function () {","\t\tdlstat(__filename).done(function (stats) {","\t\t\tif (--i) {","\t\t\t\tself(stats);","\t\t\t} else {","\t\t\t\tdata[\"Deferred: Dedicated wrapper\"] = now() - time;","\t\t\t\tnext();","\t\t\t}","\t\t});","\t};","\ttime = now();","\tself();","}, function () {","\tvar i = count, dlstat = promisify(lstat);","","\tself = function () {","\t\tdlstat(__filename).done(function (stats) {","\t\t\tif (--i) self(stats);","\t\t\telse next(); // Ignore first one","\t\t});","\t};","\ttime = now();","\tself();","}, function () {","\tvar i = count, dlstat = promisify(lstat);","","\tself = function () {","\t\tdlstat(__filename).done(function (stats) {","\t\t\tif (--i) {","\t\t\t\tself(stats);","\t\t\t} else {","\t\t\t\tdata[\"Deferred: Promisify (generic wrapper)\"] = now() - time;","\t\t\t\tnext();","\t\t\t}","\t\t});","\t};","\ttime = now();","\tself();","","// Q","}, function () {","\tvar i = count, dlstat;","","\tdlstat = function (path) {","\t\tvar def = Q.defer();","\t\tlstat(path, function (err, stats) {","\t\t\tif (err) def.reject(err);","\t\t\telse def.resolve(stats);","\t\t});","\t\treturn def.promise;","\t};","","\tself = function () {","\t\tdlstat(__filename).done(function (stats) {","\t\t\tif (--i) self(stats);","\t\t\telse next();","\t\t});","\t};","\ttime = now();","\tself();","}, function () {","\tvar i = count, dlstat;","","\tdlstat = function (path) {","\t\tvar def = Q.defer();","\t\tlstat(path, function (err, stats) {","\t\t\tif (err) def.reject(err);","\t\t\telse def.resolve(stats);","\t\t});","\t\treturn def.promise;","\t};","","\tself = function () {","\t\tdlstat(__filename).done(function (stats) {","\t\t\tif (--i) {","\t\t\t\tself(stats);","\t\t\t} else {","\t\t\t\tdata[\"Q: Dedicated wrapper\"] = now() - time;","\t\t\t\t// Get out of try/catch clause","\t\t\t\tnext();","\t\t\t}","\t\t});","\t};","\ttime = now();","\tself();","}, function () {","\tvar i = count, dlstat = Q.nbind(lstat, null);","","\tself = function () {","\t\tdlstat(__filename).done(function (stats) {","\t\t\tif (--i) self(stats);","\t\t\telse next();","\t\t});","\t};","\ttime = now();","\tself();","}, function () {","\tvar i = count, dlstat = Q.nbind(lstat, null);","","\tself = function () {","\t\tdlstat(__filename).done(function (stats) {","\t\t\tif (--i) {","\t\t\t\tself(stats);","\t\t\t} else {","\t\t\t\tdata[\"Q: nbind (generic wrapper)\"] = now() - time;","\t\t\t\tnext();","\t\t\t}","\t\t});","\t};","\ttime = now();","\tself();","","// When","}, function () {","\tvar i = count, dlstat;","","\tdlstat = function (path) {","\t\tvar def = when.defer();","\t\tlstat(path, function (err, stats) {","\t\t\tif (err) def.reject(err);","\t\t\telse def.resolve(stats);","\t\t});","\t\treturn def.promise;","\t};","","\tself = function () {","\t\tdlstat(__filename).then(function (stats) {","\t\t\tif (--i) self(stats);","\t\t\telse nextTick(next);","\t\t}, function (e) { nextTick(function () { throw e; }); });","\t};","\ttime = now();","\tself();","}, function () {","\tvar i = count, dlstat;","","\tdlstat = function (path) {","\t\tvar def = when.defer();","\t\tlstat(path, function (err, stats) {","\t\t\tif (err) def.reject(err);","\t\t\telse def.resolve(stats);","\t\t});","\t\treturn def.promise;","\t};","","\tself = function () {","\t\tdlstat(__filename).then(function (stats) {","\t\t\tif (--i) {","\t\t\t\tself(stats);","\t\t\t} else {","\t\t\t\tdata[\"When: Dedicated wrapper\"] = now() - time;","\t\t\t\tnextTick(next);","\t\t\t}","\t\t}, function (e) { nextTick(function () { throw e; }); });","\t};","\ttime = now();","\tself();","}];","","next = function () {","\tsetTimeout(function () {","\t\tif (tests.length) {","\t\t\ttests.shift()();","\t\t} else {","\t\t\tdef.resolve();","\t\t\tforEach(data, function (value, name, obj, index) {","\t\t\t\tconsole.log(pad.call(index + 1 + \":\", \" \", 3),","\t\t\t\t\tpad.call(value, \" \", 5) + \"ms \", name);","\t\t\t}, null, function (a, b) { return this[a] - this[b]; });","\t\t}","\t}, 100);","};","","next();",""],"l":{"10":2,"25":0,"29":0,"30":0,"31":0,"32":0,"33":0,"34":0,"35":0,"38":0,"39":0,"41":0,"42":0,"43":0,"44":0,"45":0,"46":0,"48":0,"49":0,"53":0,"54":0,"58":0,"60":0,"61":0,"62":0,"63":0,"64":0,"66":0,"67":0,"69":0,"71":0,"72":0,"73":0,"74":0,"76":0,"78":0,"80":0,"82":0,"83":0,"85":0,"87":0,"88":0,"89":0,"90":0,"91":0,"96":0,"97":0,"98":0,"99":0,"100":0,"102":0,"103":0,"105":0,"107":0,"108":0,"109":0,"110":0,"111":0,"116":0,"117":0,"118":0,"119":0,"121":0,"123":0,"125":0,"127":0,"128":0,"132":0,"134":0,"135":0,"136":0,"137":0,"138":0,"140":0,"143":0,"144":0,"145":0,"146":0,"147":0,"149":0,"150":0,"152":0,"154":0,"155":0,"156":0,"157":0,"158":0,"160":0,"163":0,"164":0,"165":0,"166":0,"168":0,"170":0,"172":0,"174":0,"175":0,"179":0,"181":0,"182":0,"183":0,"184":0,"187":0,"188":0,"189":0,"190":0,"193":0,"194":0,"196":0,"198":0,"199":0,"200":0,"201":0,"204":0,"205":0,"206":0,"207":0,"209":0,"210":0,"214":0,"215":0,"217":0,"219":0,"220":0,"221":0,"222":0,"225":0,"226":0,"228":0,"230":0,"231":0,"232":0,"233":0,"235":0,"236":0,"240":0,"241":0,"245":0,"247":0,"248":0,"249":0,"250":0,"251":0,"253":0,"256":0,"257":0,"258":0,"259":0,"262":0,"263":0,"265":0,"267":0,"268":0,"269":0,"270":0,"271":0,"273":0,"276":0,"277":0,"278":0,"279":0,"281":0,"283":0,"287":0,"288":0,"290":0,"292":0,"293":0,"294":0,"295":0,"298":0,"299":0,"301":0,"303":0,"304":0,"305":0,"306":0,"308":0,"309":0,"313":0,"314":0,"318":0,"320":0,"321":0,"322":0,"323":0,"324":0,"326":0,"329":0,"330":0,"331":0,"332":0,"333":0,"335":0,"336":0,"338":0,"340":0,"341":0,"342":0,"343":0,"344":0,"346":0,"349":0,"350":0,"351":0,"352":0,"354":0,"355":0,"357":0,"359":0,"360":0,"363":0,"364":0,"365":0,"366":0,"368":0,"369":0,"370":0,"372":0,"377":0}}}